2019-21-12 23:54:24   INFO [pages.LandingPage] : Button was clicked
2019-21-12 23:54:25   INFO [pages.LandingPage] : Button was clicked
2019-21-12 23:54:26   INFO [pages.LoginPage] : Button Chat was clicked
2019-21-12 23:55:00   INFO [pages.LandingPage] : Button was clicked
2019-21-12 23:55:00   INFO [pages.LandingPage] : Button 'Open acc was clicked'
2019-21-12 23:55:30   INFO [pages.LandingPage] : Button was clicked
2019-21-12 23:55:31   INFO [pages.LandingPage] : Button was clicked
2019-21-12 23:55:31   INFO [pages.LoginPage] : Button was clicked
2019-21-12 23:57:01   INFO [pages.LandingPage] : Language is set
2019-21-12 23:57:03   INFO [pages.LandingPage] : Button Next was clicked
2019-21-12 23:57:04   INFO [pages.LoginPage] : Button was clicked
2019-21-12 23:59:47   INFO [pages.LandingPage] : Language is set
2019-21-12 23:59:48   INFO [pages.LandingPage] : Button Next was clicked
2019-21-12 23:59:49   INFO [pages.LoginPage] : Button create acc is clicked
2019-22-12 00:00:49   INFO [pages.LandingPage] : Ukraine language is set
2019-22-12 00:00:50   INFO [pages.LandingPage] : Button Next was clicked
2019-22-12 00:00:50   INFO [pages.LoginPage] : Button create acc is clicked
2019-22-12 12:57:40   INFO [pages.LandingPage] : Ukraine language is set
2019-22-12 12:57:41   INFO [pages.LandingPage] : Button Next was clicked
2019-22-12 20:53:15   INFO [io.github.bonigarcia.wdm.WebDriverManager] : Using chromedriver 79.0.3945.36 (since Google Chrome 79 is installed in your machine)
2019-22-12 20:53:15   INFO [io.github.bonigarcia.wdm.WebDriverManager] : Exporting webdriver.chrome.driver as C:\Users\Andrey\.m2\repository\webdriver\chromedriver\win32\79.0.3945.36\chromedriver.exe
2019-22-12 20:53:27   INFO [libs.ActionWithElements] : Element was clicked
2019-22-12 20:53:27   INFO [pages.LandingPage] : Ukraine language is set
2019-22-12 20:53:28   INFO [libs.ActionWithElements] : Element was clicked
2019-22-12 20:53:28   INFO [pages.LandingPage] : Button 'Open acc was clicked'
2019-22-12 20:53:28   INFO [libs.ActionWithElements] : Element was clicked
2019-22-12 20:53:28   INFO [pages.LandingPage] : Tarif is set
2019-22-12 20:54:00   INFO [io.github.bonigarcia.wdm.WebDriverManager] : Using chromedriver 79.0.3945.36 (since Google Chrome 79 is installed in your machine)
2019-22-12 20:54:00   INFO [io.github.bonigarcia.wdm.WebDriverManager] : Exporting webdriver.chrome.driver as C:\Users\Andrey\.m2\repository\webdriver\chromedriver\win32\79.0.3945.36\chromedriver.exe
2019-22-12 20:54:12   INFO [libs.ActionWithElements] : Element was clicked
2019-22-12 20:54:12   INFO [pages.LandingPage] : Ukraine language is set
2019-22-12 20:54:13   INFO [libs.ActionWithElements] : Element was clicked
2019-22-12 20:54:13   INFO [pages.LandingPage] : Button Next was clicked
2019-22-12 21:00:56   INFO [io.github.bonigarcia.wdm.WebDriverManager] : Using chromedriver 79.0.3945.36 (since Google Chrome 79 is installed in your machine)
2019-22-12 21:00:56   INFO [io.github.bonigarcia.wdm.WebDriverManager] : Exporting webdriver.chrome.driver as C:\Users\Andrey\.m2\repository\webdriver\chromedriver\win32\79.0.3945.36\chromedriver.exe
2019-22-12 21:01:08   INFO [libs.ActionWithElements] : Element was clicked
2019-22-12 21:01:08   INFO [pages.LandingPage] : Ukraine language is set
2019-22-12 21:01:09   INFO [libs.ActionWithElements] : Element was clicked
2019-22-12 21:01:09   INFO [pages.LandingPage] : Button Next was clicked
2019-22-12 21:01:09   INFO [libs.ActionWithElements] : Element was clicked
2019-22-12 21:01:09   INFO [pages.LoginPage] : Button Chat is clicked
2019-22-12 21:01:33   INFO [io.github.bonigarcia.wdm.WebDriverManager] : Using chromedriver 79.0.3945.36 (since Google Chrome 79 is installed in your machine)
2019-22-12 21:01:33   INFO [io.github.bonigarcia.wdm.WebDriverManager] : Exporting webdriver.chrome.driver as C:\Users\Andrey\.m2\repository\webdriver\chromedriver\win32\79.0.3945.36\chromedriver.exe
2019-22-12 21:01:44   INFO [libs.ActionWithElements] : Element was clicked
2019-22-12 21:01:44   INFO [pages.LandingPage] : Ukraine language is set
2019-22-12 21:01:45   INFO [libs.ActionWithElements] : Element was clicked
2019-22-12 21:01:45   INFO [pages.LandingPage] : Button 'Open acc was clicked'
2019-22-12 21:01:45   INFO [libs.ActionWithElements] : Element was clicked
2019-22-12 21:01:45   INFO [pages.LandingPage] : Tarif is set
2019-22-12 21:02:46   INFO [io.github.bonigarcia.wdm.WebDriverManager] : Using chromedriver 79.0.3945.36 (since Google Chrome 79 is installed in your machine)
2019-22-12 21:02:46   INFO [io.github.bonigarcia.wdm.WebDriverManager] : Exporting webdriver.chrome.driver as C:\Users\Andrey\.m2\repository\webdriver\chromedriver\win32\79.0.3945.36\chromedriver.exe
2019-22-12 21:02:58   INFO [libs.ActionWithElements] : Element was clicked
2019-22-12 21:02:58   INFO [pages.LandingPage] : Ukraine language is set
2019-22-12 21:02:58   INFO [libs.ActionWithElements] : Element was clicked
2019-22-12 21:02:58   INFO [pages.LandingPage] : Button 'Open acc was clicked'
2019-22-12 21:03:00  ERROR [libs.ActionWithElements] : Can not work with element 
2019-22-12 21:04:40   INFO [io.github.bonigarcia.wdm.WebDriverManager] : Using chromedriver 79.0.3945.36 (since Google Chrome 79 is installed in your machine)
2019-22-12 21:04:40   INFO [io.github.bonigarcia.wdm.WebDriverManager] : Exporting webdriver.chrome.driver as C:\Users\Andrey\.m2\repository\webdriver\chromedriver\win32\79.0.3945.36\chromedriver.exe
2019-22-12 21:04:52   INFO [libs.ActionWithElements] : Element was clicked
2019-22-12 21:04:52   INFO [pages.LandingPage] : Ukraine language is set
2019-22-12 21:04:52   INFO [libs.ActionWithElements] : Element was clicked
2019-22-12 21:04:52   INFO [pages.LandingPage] : Button 'Open acc was clicked'
2019-22-12 21:04:53   INFO [libs.ActionWithElements] : Element was clicked
2019-22-12 21:04:53   INFO [pages.LandingPage] : Tarif is set
2019-22-12 21:06:38   INFO [io.github.bonigarcia.wdm.WebDriverManager] : Using chromedriver 79.0.3945.36 (since Google Chrome 79 is installed in your machine)
2019-22-12 21:06:38   INFO [io.github.bonigarcia.wdm.WebDriverManager] : Exporting webdriver.chrome.driver as C:\Users\Andrey\.m2\repository\webdriver\chromedriver\win32\79.0.3945.36\chromedriver.exe
2019-22-12 21:06:50   INFO [libs.ActionWithElements] : Element was clicked
2019-22-12 21:06:50   INFO [pages.LandingPage] : Ukraine language is set
2019-22-12 21:06:50   INFO [libs.ActionWithElements] : Element was clicked
2019-22-12 21:06:50   INFO [pages.LandingPage] : Button 'Open acc was clicked'
2019-22-12 21:06:51   INFO [libs.ActionWithElements] : Element was clicked
2019-22-12 21:06:51   INFO [pages.LandingPage] : Tarif is set
2019-22-12 21:07:15   INFO [io.github.bonigarcia.wdm.WebDriverManager] : Using chromedriver 79.0.3945.36 (since Google Chrome 79 is installed in your machine)
2019-22-12 21:07:15   INFO [io.github.bonigarcia.wdm.WebDriverManager] : Exporting webdriver.chrome.driver as C:\Users\Andrey\.m2\repository\webdriver\chromedriver\win32\79.0.3945.36\chromedriver.exe
2019-22-12 21:07:27   INFO [libs.ActionWithElements] : Element was clicked
2019-22-12 21:07:27   INFO [pages.LandingPage] : Ukraine language is set
2019-22-12 21:07:28   INFO [libs.ActionWithElements] : Element was clicked
2019-22-12 21:07:28   INFO [pages.LandingPage] : Button 'Open acc was clicked'
2019-22-12 21:07:29   INFO [libs.ActionWithElements] : Element was clicked
2019-22-12 21:07:29   INFO [pages.LandingPage] : Tarif is set
2019-22-12 21:09:38   INFO [io.github.bonigarcia.wdm.WebDriverManager] : Using chromedriver 79.0.3945.36 (since Google Chrome 79 is installed in your machine)
2019-22-12 21:09:38   INFO [io.github.bonigarcia.wdm.WebDriverManager] : Exporting webdriver.chrome.driver as C:\Users\Andrey\.m2\repository\webdriver\chromedriver\win32\79.0.3945.36\chromedriver.exe
2019-22-12 21:09:49   INFO [libs.ActionWithElements] : Element was clicked
2019-22-12 21:09:49   INFO [pages.LandingPage] : Ukraine language is set
2019-22-12 21:09:50   INFO [libs.ActionWithElements] : Element was clicked
2019-22-12 21:09:50   INFO [pages.LandingPage] : Button 'Open acc was clicked'
2019-22-12 21:09:51   INFO [libs.ActionWithElements] : Element was clicked
2019-22-12 21:09:51   INFO [pages.LandingPage] : Tarif is set
2019-22-12 21:16:48   INFO [io.github.bonigarcia.wdm.WebDriverManager] : Using chromedriver 79.0.3945.36 (since Google Chrome 79 is installed in your machine)
2019-22-12 21:16:48   INFO [io.github.bonigarcia.wdm.WebDriverManager] : Exporting webdriver.chrome.driver as C:\Users\Andrey\.m2\repository\webdriver\chromedriver\win32\79.0.3945.36\chromedriver.exe
2019-22-12 21:17:00   INFO [libs.ActionWithElements] : Element was clicked
2019-22-12 21:17:00   INFO [pages.LandingPage] : Ukraine language is set
2019-22-12 21:17:00   INFO [libs.ActionWithElements] : Element was clicked
2019-22-12 21:17:00   INFO [pages.LandingPage] : Button 'Open acc was clicked'
2019-22-12 21:17:01   INFO [libs.ActionWithElements] : Element was clicked
2019-22-12 21:17:01   INFO [pages.LandingPage] : Tarif is set
2019-22-12 21:22:05   INFO [io.github.bonigarcia.wdm.WebDriverManager] : Using chromedriver 79.0.3945.36 (since Google Chrome 79 is installed in your machine)
2019-22-12 21:22:05   INFO [io.github.bonigarcia.wdm.WebDriverManager] : Exporting webdriver.chrome.driver as C:\Users\Andrey\.m2\repository\webdriver\chromedriver\win32\79.0.3945.36\chromedriver.exe
2019-22-12 21:22:17   INFO [libs.ActionWithElements] : Element was clicked
2019-22-12 21:22:17   INFO [pages.LandingPage] : Ukraine language is set
2019-22-12 21:22:17   INFO [libs.ActionWithElements] : Element was clicked
2019-22-12 21:22:17   INFO [pages.LandingPage] : Button 'Open acc was clicked'
2019-22-12 21:22:18   INFO [libs.ActionWithElements] : Element was clicked
2019-22-12 21:22:18   INFO [pages.LandingPage] : Tarif is set
2019-22-12 21:22:33  ERROR [libs.ActionWithElements] : Can not work with element 
2019-22-12 21:24:53   INFO [io.github.bonigarcia.wdm.WebDriverManager] : Using chromedriver 79.0.3945.36 (since Google Chrome 79 is installed in your machine)
2019-22-12 21:24:53   INFO [io.github.bonigarcia.wdm.WebDriverManager] : Exporting webdriver.chrome.driver as C:\Users\Andrey\.m2\repository\webdriver\chromedriver\win32\79.0.3945.36\chromedriver.exe
2019-22-12 21:25:05   INFO [libs.ActionWithElements] : Element was clicked
2019-22-12 21:25:05   INFO [pages.LandingPage] : Ukraine language is set
2019-22-12 21:25:05   INFO [libs.ActionWithElements] : Element was clicked
2019-22-12 21:25:05   INFO [pages.LandingPage] : Button 'Open acc was clicked'
2019-22-12 21:25:06   INFO [libs.ActionWithElements] : Element was clicked
2019-22-12 21:25:06   INFO [pages.LandingPage] : Tarif is set
2019-22-12 21:25:21  ERROR [libs.ActionWithElements] : Can not work with element 
2019-22-12 21:35:50   INFO [io.github.bonigarcia.wdm.WebDriverManager] : Using chromedriver 79.0.3945.36 (since Google Chrome 79 is installed in your machine)
2019-22-12 21:35:50   INFO [io.github.bonigarcia.wdm.WebDriverManager] : Exporting webdriver.chrome.driver as C:\Users\Andrey\.m2\repository\webdriver\chromedriver\win32\79.0.3945.36\chromedriver.exe
2019-22-12 21:36:02   INFO [libs.ActionWithElements] : Element was clicked
2019-22-12 21:36:02   INFO [pages.LandingPage] : Ukraine language is set
2019-22-12 21:36:02   INFO [libs.ActionWithElements] : Element was clicked
2019-22-12 21:36:02   INFO [pages.LandingPage] : Button 'Open acc was clicked'
2019-22-12 21:36:03   INFO [libs.ActionWithElements] : Element was clicked
2019-22-12 21:36:03   INFO [pages.LandingPage] : Tarif is set
2019-22-12 21:38:38   INFO [io.github.bonigarcia.wdm.WebDriverManager] : Using chromedriver 79.0.3945.36 (since Google Chrome 79 is installed in your machine)
2019-22-12 21:38:38   INFO [io.github.bonigarcia.wdm.WebDriverManager] : Exporting webdriver.chrome.driver as C:\Users\Andrey\.m2\repository\webdriver\chromedriver\win32\79.0.3945.36\chromedriver.exe
2019-22-12 21:38:51   INFO [libs.ActionWithElements] : Element was clicked
2019-22-12 21:38:51   INFO [pages.LandingPage] : Ukraine language is set
2019-22-12 21:38:51   INFO [libs.ActionWithElements] : Element was clicked
2019-22-12 21:38:51   INFO [pages.LandingPage] : Button 'Open acc was clicked'
2019-22-12 21:38:52   INFO [libs.ActionWithElements] : Element was clicked
2019-22-12 21:38:52   INFO [pages.LandingPage] : Tarif is set
2019-22-12 21:39:09   INFO [io.github.bonigarcia.wdm.WebDriverManager] : Using chromedriver 79.0.3945.36 (since Google Chrome 79 is installed in your machine)
2019-22-12 21:39:09   INFO [io.github.bonigarcia.wdm.WebDriverManager] : Exporting webdriver.chrome.driver as C:\Users\Andrey\.m2\repository\webdriver\chromedriver\win32\79.0.3945.36\chromedriver.exe
2019-22-12 21:39:20   INFO [libs.ActionWithElements] : Element was clicked
2019-22-12 21:39:20   INFO [pages.LandingPage] : Ukraine language is set
2019-22-12 21:39:22   INFO [libs.ActionWithElements] : Element was clicked
2019-22-12 21:39:22   INFO [pages.LandingPage] : Button Next was clicked
2019-22-12 21:39:22   INFO [libs.ActionWithElements] : Element was clicked
2019-22-12 21:39:22   INFO [pages.LoginPage] : Button Chat is clicked
2019-22-12 21:39:46   INFO [io.github.bonigarcia.wdm.WebDriverManager] : Using chromedriver 79.0.3945.36 (since Google Chrome 79 is installed in your machine)
2019-22-12 21:39:46   INFO [io.github.bonigarcia.wdm.WebDriverManager] : Exporting webdriver.chrome.driver as C:\Users\Andrey\.m2\repository\webdriver\chromedriver\win32\79.0.3945.36\chromedriver.exe
2019-22-12 21:39:58   INFO [libs.ActionWithElements] : Element was clicked
2019-22-12 21:39:58   INFO [pages.LandingPage] : Ukraine language is set
2019-22-12 21:39:59   INFO [libs.ActionWithElements] : Element was clicked
2019-22-12 21:39:59   INFO [pages.LandingPage] : Button Next was clicked
2019-22-12 21:40:25   INFO [io.github.bonigarcia.wdm.WebDriverManager] : Using chromedriver 79.0.3945.36 (since Google Chrome 79 is installed in your machine)
2019-22-12 21:40:25   INFO [io.github.bonigarcia.wdm.WebDriverManager] : Exporting webdriver.chrome.driver as C:\Users\Andrey\.m2\repository\webdriver\chromedriver\win32\79.0.3945.36\chromedriver.exe
2019-22-12 21:40:36   INFO [libs.ActionWithElements] : Element was clicked
2019-22-12 21:40:36   INFO [pages.LandingPage] : Ukraine language is set
2019-22-12 21:40:38   INFO [libs.ActionWithElements] : Element was clicked
2019-22-12 21:40:38   INFO [pages.LandingPage] : Button Next was clicked
2019-22-12 21:40:38   INFO [libs.ActionWithElements] : Element was clicked
2019-22-12 21:40:38   INFO [pages.LoginPage] : Button create acc is clicked
2019-22-12 21:41:06   INFO [io.github.bonigarcia.wdm.WebDriverManager] : Using chromedriver 79.0.3945.36 (since Google Chrome 79 is installed in your machine)
2019-22-12 21:41:06   INFO [io.github.bonigarcia.wdm.WebDriverManager] : Exporting webdriver.chrome.driver as C:\Users\Andrey\.m2\repository\webdriver\chromedriver\win32\79.0.3945.36\chromedriver.exe
2019-22-12 21:41:18   INFO [libs.ActionWithElements] : Element was clicked
2019-22-12 21:41:18   INFO [pages.LandingPage] : Ukraine language is set
2019-22-12 21:41:18   INFO [libs.ActionWithElements] : Element was clicked
2019-22-12 21:41:18   INFO [pages.LandingPage] : Button 'Open acc was clicked'
2019-22-12 21:41:19   INFO [libs.ActionWithElements] : Element was clicked
2019-22-12 21:41:19   INFO [pages.LandingPage] : Tarif is set
2019-22-12 21:46:38   INFO [io.github.bonigarcia.wdm.WebDriverManager] : Using chromedriver 79.0.3945.36 (since Google Chrome 79 is installed in your machine)
2019-22-12 21:46:39   INFO [io.github.bonigarcia.wdm.WebDriverManager] : Exporting webdriver.chrome.driver as C:\Users\Andrey\.m2\repository\webdriver\chromedriver\win32\79.0.3945.36\chromedriver.exe
2019-22-12 21:46:52   INFO [libs.ActionWithElements] : Element was clicked
2019-22-12 21:46:52   INFO [pages.LandingPage] : Ukraine language is set
2019-22-12 21:46:53   INFO [libs.ActionWithElements] : Element was clicked
2019-22-12 21:46:53   INFO [pages.LandingPage] : Button 'Open acc was clicked'
2019-22-12 21:46:54   INFO [libs.ActionWithElements] : Element was clicked
2019-22-12 21:46:54   INFO [pages.LandingPage] : Tarif is set
2019-22-12 21:47:09  ERROR [libs.ActionWithElements] : Can not work with element 
2019-22-12 21:52:04   INFO [io.github.bonigarcia.wdm.WebDriverManager] : Using chromedriver 79.0.3945.36 (since Google Chrome 79 is installed in your machine)
2019-22-12 21:52:04   INFO [io.github.bonigarcia.wdm.WebDriverManager] : Exporting webdriver.chrome.driver as C:\Users\Andrey\.m2\repository\webdriver\chromedriver\win32\79.0.3945.36\chromedriver.exe
2019-22-12 21:52:15   INFO [libs.ActionWithElements] : Element was clicked
2019-22-12 21:52:15   INFO [pages.LandingPage] : Ukraine language is set
2019-22-12 21:52:16   INFO [libs.ActionWithElements] : Element was clicked
2019-22-12 21:52:16   INFO [pages.LandingPage] : Button 'Open acc was clicked'
2019-22-12 21:52:16   INFO [libs.ActionWithElements] : Element was clicked
2019-22-12 21:52:16   INFO [pages.LandingPage] : Tarif is set
2019-22-12 21:52:32  ERROR [libs.ActionWithElements] : Can not work with element 
2019-22-12 21:58:01   INFO [io.github.bonigarcia.wdm.WebDriverManager] : Using chromedriver 79.0.3945.36 (since Google Chrome 79 is installed in your machine)
2019-22-12 21:58:01   INFO [io.github.bonigarcia.wdm.WebDriverManager] : Exporting webdriver.chrome.driver as C:\Users\Andrey\.m2\repository\webdriver\chromedriver\win32\79.0.3945.36\chromedriver.exe
2019-22-12 21:58:13   INFO [libs.ActionWithElements] : Element was clicked
2019-22-12 21:58:13   INFO [pages.LandingPage] : Ukraine language is set
2019-22-12 21:58:13   INFO [libs.ActionWithElements] : Element was clicked
2019-22-12 21:58:13   INFO [pages.LandingPage] : Button 'Open acc was clicked'
2019-22-12 21:58:14   INFO [libs.ActionWithElements] : Element was clicked
2019-22-12 21:58:14   INFO [pages.LandingPage] : Tarif is set
2019-22-12 21:58:30  ERROR [libs.ActionWithElements] : Can not work with element 
2019-22-12 22:01:36   INFO [io.github.bonigarcia.wdm.WebDriverManager] : Using chromedriver 79.0.3945.36 (since Google Chrome 79 is installed in your machine)
2019-22-12 22:01:36   INFO [io.github.bonigarcia.wdm.WebDriverManager] : Exporting webdriver.chrome.driver as C:\Users\Andrey\.m2\repository\webdriver\chromedriver\win32\79.0.3945.36\chromedriver.exe
2019-22-12 22:01:48   INFO [libs.ActionWithElements] : Element was clicked
2019-22-12 22:01:48   INFO [pages.LandingPage] : Ukraine language is set
2019-22-12 22:01:48   INFO [libs.ActionWithElements] : Element was clicked
2019-22-12 22:01:48   INFO [pages.LandingPage] : Button 'Open acc was clicked'
2019-22-12 22:01:49   INFO [libs.ActionWithElements] : Element was clicked
2019-22-12 22:01:49   INFO [pages.LandingPage] : Tarif is set
2019-22-12 22:02:04  ERROR [libs.ActionWithElements] : Can not work with element 
2019-22-12 22:02:33   INFO [io.github.bonigarcia.wdm.WebDriverManager] : Using chromedriver 79.0.3945.36 (since Google Chrome 79 is installed in your machine)
2019-22-12 22:02:33   INFO [io.github.bonigarcia.wdm.WebDriverManager] : Exporting webdriver.chrome.driver as C:\Users\Andrey\.m2\repository\webdriver\chromedriver\win32\79.0.3945.36\chromedriver.exe
2019-22-12 22:02:45   INFO [libs.ActionWithElements] : Element was clicked
2019-22-12 22:02:45   INFO [pages.LandingPage] : Ukraine language is set
2019-22-12 22:02:46   INFO [libs.ActionWithElements] : Element was clicked
2019-22-12 22:02:46   INFO [pages.LandingPage] : Button 'Open acc was clicked'
2019-22-12 22:02:47   INFO [libs.ActionWithElements] : Element was clicked
2019-22-12 22:02:47   INFO [pages.LandingPage] : Tarif is set
2019-22-12 22:03:02  ERROR [libs.ActionWithElements] : Can not work with element 
2019-22-12 22:20:26   INFO [io.github.bonigarcia.wdm.WebDriverManager] : Using chromedriver 79.0.3945.36 (since Google Chrome 79 is installed in your machine)
2019-22-12 22:20:26   INFO [io.github.bonigarcia.wdm.WebDriverManager] : Exporting webdriver.chrome.driver as C:\Users\Andrey\.m2\repository\webdriver\chromedriver\win32\79.0.3945.36\chromedriver.exe
2019-22-12 22:20:40   INFO [libs.ActionWithElements] : Element was clicked
2019-22-12 22:20:40   INFO [pages.LandingPage] : Ukraine language is set
2019-22-12 22:20:40   INFO [libs.ActionWithElements] : Element was clicked
2019-22-12 22:20:40   INFO [pages.LandingPage] : Button 'Open acc was clicked'
2019-22-12 22:20:41   INFO [libs.ActionWithElements] : Element was clicked
2019-22-12 22:20:41   INFO [pages.LandingPage] : Tarif is set
2019-22-12 22:20:57  ERROR [libs.ActionWithElements] : Can not work with element 
2019-22-12 22:25:39   INFO [io.github.bonigarcia.wdm.WebDriverManager] : Using chromedriver 79.0.3945.36 (since Google Chrome 79 is installed in your machine)
2019-22-12 22:25:39   INFO [io.github.bonigarcia.wdm.WebDriverManager] : Exporting webdriver.chrome.driver as C:\Users\Andrey\.m2\repository\webdriver\chromedriver\win32\79.0.3945.36\chromedriver.exe
2019-22-12 22:25:51   INFO [libs.ActionWithElements] : Element was clicked
2019-22-12 22:25:51   INFO [pages.LandingPage] : Ukraine language is set
2019-22-12 22:25:52   INFO [libs.ActionWithElements] : Element was clicked
2019-22-12 22:25:52   INFO [pages.LandingPage] : Button 'Open acc was clicked'
2019-22-12 22:25:52   INFO [libs.ActionWithElements] : Element was clicked
2019-22-12 22:25:52   INFO [pages.LandingPage] : Tarif is set
2019-22-12 22:29:42   INFO [io.github.bonigarcia.wdm.WebDriverManager] : Using chromedriver 79.0.3945.36 (since Google Chrome 79 is installed in your machine)
2019-22-12 22:29:42   INFO [io.github.bonigarcia.wdm.WebDriverManager] : Exporting webdriver.chrome.driver as C:\Users\Andrey\.m2\repository\webdriver\chromedriver\win32\79.0.3945.36\chromedriver.exe
2019-22-12 22:29:54   INFO [libs.ActionWithElements] : Element was clicked
2019-22-12 22:29:54   INFO [pages.LandingPage] : Ukraine language is set
2019-22-12 22:29:55   INFO [libs.ActionWithElements] : Element was clicked
2019-22-12 22:29:55   INFO [pages.LandingPage] : Button Next was clicked
2019-22-12 22:29:55   INFO [libs.ActionWithElements] : Element was clicked
2019-22-12 22:29:55   INFO [pages.LoginPage] : Button Chat is clicked
2019-22-12 22:37:59   INFO [io.github.bonigarcia.wdm.WebDriverManager] : Using chromedriver 79.0.3945.36 (since Google Chrome 79 is installed in your machine)
2019-22-12 22:37:59   INFO [io.github.bonigarcia.wdm.WebDriverManager] : Exporting webdriver.chrome.driver as C:\Users\Andrey\.m2\repository\webdriver\chromedriver\win32\79.0.3945.36\chromedriver.exe
2019-22-12 22:38:11   INFO [libs.ActionWithElements] : Element was clicked
2019-22-12 22:38:11   INFO [pages.LandingPage] : Ukraine language is set
2019-22-12 22:38:12   INFO [libs.ActionWithElements] : Element was clicked
2019-22-12 22:38:12   INFO [pages.LandingPage] : Button 'Open acc was clicked'
2019-22-12 22:38:13   INFO [libs.ActionWithElements] : Element was clicked
2019-22-12 22:38:13   INFO [pages.LandingPage] : Tarif is set
2019-22-12 22:38:28  ERROR [libs.ActionWithElements] : Can not work with element 
2019-22-12 22:41:43   INFO [io.github.bonigarcia.wdm.WebDriverManager] : Using chromedriver 79.0.3945.36 (since Google Chrome 79 is installed in your machine)
2019-22-12 22:41:43   INFO [io.github.bonigarcia.wdm.WebDriverManager] : Exporting webdriver.chrome.driver as C:\Users\Andrey\.m2\repository\webdriver\chromedriver\win32\79.0.3945.36\chromedriver.exe
2019-22-12 22:41:54   INFO [pages.LoginPage] : VanyaWas inputed in to field Login
2019-22-12 22:41:55   INFO [pages.LoginPage] : 123456Was inputed into field password
2019-22-12 22:42:10  ERROR [libs.ActionWithElements] : Can not work with element 
2019-22-12 22:45:50   INFO [io.github.bonigarcia.wdm.WebDriverManager] : Using chromedriver 79.0.3945.36 (since Google Chrome 79 is installed in your machine)
2019-22-12 22:45:50   INFO [io.github.bonigarcia.wdm.WebDriverManager] : Exporting webdriver.chrome.driver as C:\Users\Andrey\.m2\repository\webdriver\chromedriver\win32\79.0.3945.36\chromedriver.exe
2019-22-12 22:46:02   INFO [libs.ActionWithElements] : Element was clicked
2019-22-12 22:46:02   INFO [pages.LandingPage] : Ukraine language is set
2019-22-12 22:46:03   INFO [libs.ActionWithElements] : Element was clicked
2019-22-12 22:46:03   INFO [pages.LandingPage] : Button 'Open acc was clicked'
2019-22-12 22:46:03   INFO [libs.ActionWithElements] : Element was clicked
2019-22-12 22:46:03   INFO [pages.LandingPage] : Tarif is set
2019-22-12 22:46:19  ERROR [libs.ActionWithElements] : Can not work with element 
2019-22-12 22:47:59   INFO [io.github.bonigarcia.wdm.WebDriverManager] : Using chromedriver 79.0.3945.36 (since Google Chrome 79 is installed in your machine)
2019-22-12 22:47:59   INFO [io.github.bonigarcia.wdm.WebDriverManager] : Exporting webdriver.chrome.driver as C:\Users\Andrey\.m2\repository\webdriver\chromedriver\win32\79.0.3945.36\chromedriver.exe
2019-22-12 22:48:13   INFO [libs.ActionWithElements] : Element was clicked
2019-22-12 22:48:13   INFO [pages.LandingPage] : Ukraine language is set
2019-22-12 22:48:13   INFO [libs.ActionWithElements] : Element was clicked
2019-22-12 22:48:13   INFO [pages.LandingPage] : Button 'Open acc was clicked'
2019-22-12 22:48:14   INFO [libs.ActionWithElements] : Element was clicked
2019-22-12 22:48:14   INFO [pages.LandingPage] : Tarif is set
2019-22-12 22:48:29  ERROR [libs.ActionWithElements] : Can not work with element 
2019-22-12 22:48:53   INFO [io.github.bonigarcia.wdm.WebDriverManager] : Using chromedriver 79.0.3945.36 (since Google Chrome 79 is installed in your machine)
2019-22-12 22:48:53   INFO [io.github.bonigarcia.wdm.WebDriverManager] : Exporting webdriver.chrome.driver as C:\Users\Andrey\.m2\repository\webdriver\chromedriver\win32\79.0.3945.36\chromedriver.exe
2019-22-12 22:49:05   INFO [libs.ActionWithElements] : Element was clicked
2019-22-12 22:49:05   INFO [pages.LandingPage] : Ukraine language is set
2019-22-12 22:49:06   INFO [libs.ActionWithElements] : Element was clicked
2019-22-12 22:49:06   INFO [pages.LandingPage] : Button 'Open acc was clicked'
2019-22-12 22:49:06   INFO [libs.ActionWithElements] : Element was clicked
2019-22-12 22:49:06   INFO [pages.LandingPage] : Tarif is set
2019-22-12 22:49:47   INFO [io.github.bonigarcia.wdm.WebDriverManager] : Using chromedriver 79.0.3945.36 (since Google Chrome 79 is installed in your machine)
2019-22-12 22:49:47   INFO [io.github.bonigarcia.wdm.WebDriverManager] : Exporting webdriver.chrome.driver as C:\Users\Andrey\.m2\repository\webdriver\chromedriver\win32\79.0.3945.36\chromedriver.exe
2019-22-12 22:49:59   INFO [libs.ActionWithElements] : Element was clicked
2019-22-12 22:49:59   INFO [pages.LandingPage] : Ukraine language is set
2019-22-12 22:50:00   INFO [libs.ActionWithElements] : Element was clicked
2019-22-12 22:50:00   INFO [pages.LandingPage] : Button Next was clicked
2019-22-12 22:50:00   INFO [libs.ActionWithElements] : Element was clicked
2019-22-12 22:50:00   INFO [pages.LoginPage] : Button Chat is clicked
2019-22-12 22:50:07   INFO [io.github.bonigarcia.wdm.WebDriverManager] : Using chromedriver 79.0.3945.36 (since Google Chrome 79 is installed in your machine)
2019-22-12 22:50:07   INFO [io.github.bonigarcia.wdm.WebDriverManager] : Exporting webdriver.chrome.driver as C:\Users\Andrey\.m2\repository\webdriver\chromedriver\win32\79.0.3945.36\chromedriver.exe
2019-22-12 22:50:18   INFO [libs.ActionWithElements] : Element was clicked
2019-22-12 22:50:18   INFO [pages.LandingPage] : Ukraine language is set
2019-22-12 22:50:19   INFO [libs.ActionWithElements] : Element was clicked
2019-22-12 22:50:19   INFO [pages.LandingPage] : Button Next was clicked
2019-22-12 22:50:20   INFO [libs.ActionWithElements] : Element was clicked
2019-22-12 22:50:20   INFO [pages.LoginPage] : Button Chat is clicked
2019-22-12 22:58:54   INFO [io.github.bonigarcia.wdm.WebDriverManager] : Using chromedriver 79.0.3945.36 (since Google Chrome 79 is installed in your machine)
2019-22-12 22:58:54   INFO [io.github.bonigarcia.wdm.WebDriverManager] : Exporting webdriver.chrome.driver as C:\Users\Andrey\.m2\repository\webdriver\chromedriver\win32\79.0.3945.36\chromedriver.exe
2019-22-12 22:59:06   INFO [libs.ActionWithElements] : Element was clicked
2019-22-12 22:59:06   INFO [pages.LandingPage] : Ukraine language is set
2019-22-12 22:59:07   INFO [libs.ActionWithElements] : Element was clicked
2019-22-12 22:59:07   INFO [pages.LandingPage] : Button Next was clicked
2019-22-12 22:59:19   INFO [io.github.bonigarcia.wdm.WebDriverManager] : Using chromedriver 79.0.3945.36 (since Google Chrome 79 is installed in your machine)
2019-22-12 22:59:19   INFO [io.github.bonigarcia.wdm.WebDriverManager] : Exporting webdriver.chrome.driver as C:\Users\Andrey\.m2\repository\webdriver\chromedriver\win32\79.0.3945.36\chromedriver.exe
2019-22-12 22:59:30   INFO [libs.ActionWithElements] : Element was clicked
2019-22-12 22:59:30   INFO [pages.LandingPage] : Ukraine language is set
2019-22-12 22:59:31   INFO [libs.ActionWithElements] : Element was clicked
2019-22-12 22:59:31   INFO [pages.LandingPage] : Button Next was clicked
2019-22-12 22:59:32   INFO [libs.ActionWithElements] : Element was clicked
2019-22-12 22:59:32   INFO [pages.LoginPage] : Button create acc is clicked
2019-22-12 22:59:45   INFO [io.github.bonigarcia.wdm.WebDriverManager] : Using chromedriver 79.0.3945.36 (since Google Chrome 79 is installed in your machine)
2019-22-12 22:59:45   INFO [io.github.bonigarcia.wdm.WebDriverManager] : Exporting webdriver.chrome.driver as C:\Users\Andrey\.m2\repository\webdriver\chromedriver\win32\79.0.3945.36\chromedriver.exe
2019-22-12 22:59:57   INFO [libs.ActionWithElements] : Element was clicked
2019-22-12 22:59:57   INFO [pages.LandingPage] : Ukraine language is set
2019-22-12 22:59:58   INFO [libs.ActionWithElements] : Element was clicked
2019-22-12 22:59:58   INFO [pages.LandingPage] : Button 'Open acc was clicked'
2019-22-12 22:59:58   INFO [libs.ActionWithElements] : Element was clicked
2019-22-12 22:59:58   INFO [pages.LandingPage] : Tarif is set
2019-22-12 23:07:09   INFO [io.github.bonigarcia.wdm.WebDriverManager] : Using chromedriver 79.0.3945.36 (since Google Chrome 79 is installed in your machine)
2019-22-12 23:07:09   INFO [io.github.bonigarcia.wdm.WebDriverManager] : Exporting webdriver.chrome.driver as C:\Users\Andrey\.m2\repository\webdriver\chromedriver\win32\79.0.3945.36\chromedriver.exe
2019-22-12 23:07:20   INFO [pages.LoginPage] : VanyaWas inputed in to field Login
2019-22-12 23:07:20   INFO [pages.LoginPage] : 123456Was inputed into field password
2019-22-12 23:07:35  ERROR [libs.ActionWithElements] : Can not work with element 
2019-22-12 23:10:20   INFO [io.github.bonigarcia.wdm.WebDriverManager] : Using chromedriver 79.0.3945.36 (since Google Chrome 79 is installed in your machine)
2019-22-12 23:10:20   INFO [io.github.bonigarcia.wdm.WebDriverManager] : Exporting webdriver.chrome.driver as C:\Users\Andrey\.m2\repository\webdriver\chromedriver\win32\79.0.3945.36\chromedriver.exe
2019-22-12 23:10:31   INFO [pages.LoginPage] : VanyaWas inputed in to field Login
2019-22-12 23:10:31   INFO [pages.LoginPage] : 123456Was inputed into field password
2019-22-12 23:10:31   INFO [libs.ActionWithElements] : Element was clicked
2019-22-12 23:10:31   INFO [pages.LoginPage] : Button was clicked
2019-22-12 23:12:36   INFO [io.github.bonigarcia.wdm.WebDriverManager] : Using chromedriver 79.0.3945.36 (since Google Chrome 79 is installed in your machine)
2019-22-12 23:12:36   INFO [io.github.bonigarcia.wdm.WebDriverManager] : Exporting webdriver.chrome.driver as C:\Users\Andrey\.m2\repository\webdriver\chromedriver\win32\79.0.3945.36\chromedriver.exe
2019-22-12 23:12:47   INFO [libs.ActionWithElements] : Vanya was inputed in to input
2019-22-12 23:12:47   INFO [pages.LoginPage] : VanyaWas inputed in to field Login
2019-22-12 23:12:47   INFO [pages.LoginPage] : 123456Was inputed into field password
2019-22-12 23:12:47   INFO [libs.ActionWithElements] : Element was clicked
2019-22-12 23:12:47   INFO [pages.LoginPage] : Button was clicked
2019-22-12 23:14:25   INFO [io.github.bonigarcia.wdm.WebDriverManager] : Using chromedriver 79.0.3945.36 (since Google Chrome 79 is installed in your machine)
2019-22-12 23:14:25   INFO [io.github.bonigarcia.wdm.WebDriverManager] : Exporting webdriver.chrome.driver as C:\Users\Andrey\.m2\repository\webdriver\chromedriver\win32\79.0.3945.36\chromedriver.exe
2019-22-12 23:14:35   INFO [libs.ActionWithElements] : Vanya was inputed in to input
2019-22-12 23:14:35   INFO [pages.LoginPage] : VanyaWas inputed in to field Login
2019-22-12 23:14:35   INFO [libs.ActionWithElements] : 123456 was inputed in to input
2019-22-12 23:14:35   INFO [pages.LoginPage] : 123456Was inputed into field password
2019-22-12 23:14:36   INFO [libs.ActionWithElements] : Element was clicked
2019-22-12 23:14:36   INFO [pages.LoginPage] : Button was clicked
2019-22-12 23:17:06   INFO [io.github.bonigarcia.wdm.WebDriverManager] : Using chromedriver 79.0.3945.36 (since Google Chrome 79 is installed in your machine)
2019-22-12 23:17:06   INFO [io.github.bonigarcia.wdm.WebDriverManager] : Exporting webdriver.chrome.driver as C:\Users\Andrey\.m2\repository\webdriver\chromedriver\win32\79.0.3945.36\chromedriver.exe
2019-22-12 23:17:16   INFO [libs.ActionWithElements] : Vanya was inputed in to input
2019-22-12 23:17:16   INFO [pages.LoginPage] : VanyaWas inputed in to field Login
2019-22-12 23:17:17   INFO [libs.ActionWithElements] : 123456 was inputed in to input
2019-22-12 23:17:17   INFO [pages.LoginPage] : 123456Was inputed into field password
2019-22-12 23:17:17   INFO [libs.ActionWithElements] : Element was clicked
2019-22-12 23:17:17   INFO [pages.LoginPage] : Button was clicked
2019-22-12 23:17:17   INFO [libs.ActionWithElements] : Element was clicked
2019-22-12 23:17:17   INFO [pages.LoginPage] : Button Chat is clicked
2019-22-12 23:23:51   INFO [io.github.bonigarcia.wdm.WebDriverManager] : Using chromedriver 79.0.3945.36 (since Google Chrome 79 is installed in your machine)
2019-22-12 23:23:51   INFO [io.github.bonigarcia.wdm.WebDriverManager] : Exporting webdriver.chrome.driver as C:\Users\Andrey\.m2\repository\webdriver\chromedriver\win32\79.0.3945.36\chromedriver.exe
2019-22-12 23:24:02   INFO [libs.ActionWithElements] : Vanya was inputed in to input
2019-22-12 23:24:02   INFO [pages.LoginPage] : VanyaWas inputed in to field Login
2019-22-12 23:24:02   INFO [libs.ActionWithElements] : 123456 was inputed in to input
2019-22-12 23:24:02   INFO [pages.LoginPage] : 123456Was inputed into field password
2019-22-12 23:24:02   INFO [libs.ActionWithElements] : Element was clicked
2019-22-12 23:24:02   INFO [pages.LoginPage] : Button was clicked
2019-22-12 23:24:02   INFO [libs.ActionWithElements] : Element was clicked'Button Chat'
2019-22-12 23:24:02   INFO [pages.LoginPage] : Button Chat is clicked
2019-22-12 23:28:13   INFO [io.github.bonigarcia.wdm.WebDriverManager] : Using chromedriver 79.0.3945.36 (since Google Chrome 79 is installed in your machine)
2019-22-12 23:28:13   INFO [io.github.bonigarcia.wdm.WebDriverManager] : Exporting webdriver.chrome.driver as C:\Users\Andrey\.m2\repository\webdriver\chromedriver\win32\79.0.3945.36\chromedriver.exe
2019-22-12 23:28:24   INFO [libs.ActionWithElements] : Vanya was inputed in to input
2019-22-12 23:28:25   INFO [libs.ActionWithElements] : 123456 was inputed in to input
2019-22-12 23:28:25   INFO [libs.ActionWithElements] : Element was clicked
2019-22-12 23:28:25   INFO [libs.ActionWithElements] : Element was clicked'Button Chat'
2019-22-12 23:29:49   INFO [io.github.bonigarcia.wdm.WebDriverManager] : Using chromedriver 79.0.3945.36 (since Google Chrome 79 is installed in your machine)
2019-22-12 23:29:49   INFO [io.github.bonigarcia.wdm.WebDriverManager] : Exporting webdriver.chrome.driver as C:\Users\Andrey\.m2\repository\webdriver\chromedriver\win32\79.0.3945.36\chromedriver.exe
2019-22-12 23:30:01   INFO [libs.ActionWithElements] : Element was clicked'Button Language'
2019-22-12 23:30:02   INFO [libs.ActionWithElements] : Element was clicked'Button Enter To Alfa'
2019-22-12 23:31:36   INFO [io.github.bonigarcia.wdm.WebDriverManager] : Using chromedriver 79.0.3945.36 (since Google Chrome 79 is installed in your machine)
2019-22-12 23:31:36   INFO [io.github.bonigarcia.wdm.WebDriverManager] : Exporting webdriver.chrome.driver as C:\Users\Andrey\.m2\repository\webdriver\chromedriver\win32\79.0.3945.36\chromedriver.exe
2019-22-12 23:31:48   INFO [libs.ActionWithElements] : Element was clicked'Button Language'
2019-22-12 23:31:49   INFO [libs.ActionWithElements] : Element was clicked'Button Enter To Alfa'
2019-22-12 23:31:49   INFO [libs.ActionWithElements] : Element was clicked'Button Create Acc'
2019-22-12 23:32:18   INFO [io.github.bonigarcia.wdm.WebDriverManager] : Using chromedriver 79.0.3945.36 (since Google Chrome 79 is installed in your machine)
2019-22-12 23:32:18   INFO [io.github.bonigarcia.wdm.WebDriverManager] : Exporting webdriver.chrome.driver as C:\Users\Andrey\.m2\repository\webdriver\chromedriver\win32\79.0.3945.36\chromedriver.exe
2019-22-12 23:32:29   INFO [libs.ActionWithElements] : Element was clicked'Button Language'
2019-22-12 23:32:30   INFO [libs.ActionWithElements] : Element was clicked'Button Open Acc'
2019-22-12 23:32:30   INFO [libs.ActionWithElements] : Element was clicked'Button Take Tarif 1'
2019-22-12 23:32:48   INFO [io.github.bonigarcia.wdm.WebDriverManager] : Using chromedriver 79.0.3945.36 (since Google Chrome 79 is installed in your machine)
2019-22-12 23:32:48   INFO [io.github.bonigarcia.wdm.WebDriverManager] : Exporting webdriver.chrome.driver as C:\Users\Andrey\.m2\repository\webdriver\chromedriver\win32\79.0.3945.36\chromedriver.exe
2019-22-12 23:32:59   INFO [libs.ActionWithElements] : Element was clicked'Button Language'
2019-22-12 23:32:59   INFO [libs.ActionWithElements] : Element was clicked'Button Open Acc'
2019-22-12 23:33:00   INFO [libs.ActionWithElements] : Element was clicked'Button Take Tarif 1'
2019-22-12 23:34:19   INFO [io.github.bonigarcia.wdm.WebDriverManager] : Using chromedriver 79.0.3945.36 (since Google Chrome 79 is installed in your machine)
2019-22-12 23:34:19   INFO [io.github.bonigarcia.wdm.WebDriverManager] : Exporting webdriver.chrome.driver as C:\Users\Andrey\.m2\repository\webdriver\chromedriver\win32\79.0.3945.36\chromedriver.exe
2019-22-12 23:34:30   INFO [libs.ActionWithElements] : Element was clicked'Button Language'
2019-22-12 23:34:31   INFO [libs.ActionWithElements] : Element was clicked'Button Open Acc'
2019-22-12 23:34:31   INFO [libs.ActionWithElements] : Element was clicked'Button Take Tarif 1'
2019-22-12 23:35:11   INFO [io.github.bonigarcia.wdm.WebDriverManager] : Using chromedriver 79.0.3945.36 (since Google Chrome 79 is installed in your machine)
2019-22-12 23:35:11   INFO [io.github.bonigarcia.wdm.WebDriverManager] : Exporting webdriver.chrome.driver as C:\Users\Andrey\.m2\repository\webdriver\chromedriver\win32\79.0.3945.36\chromedriver.exe
2019-22-12 23:35:23   INFO [libs.ActionWithElements] : Element was clicked'Button Language'
2019-22-12 23:35:23   INFO [libs.ActionWithElements] : Element was clicked'Button Open Acc'
2019-22-12 23:35:24   INFO [libs.ActionWithElements] : Element was clicked'Button Take Tarif 1'
2019-22-12 23:35:39  ERROR [libs.ActionWithElements] : Can not work with element 
2019-22-12 23:35:50   INFO [io.github.bonigarcia.wdm.WebDriverManager] : Using chromedriver 79.0.3945.36 (since Google Chrome 79 is installed in your machine)
2019-22-12 23:35:50   INFO [io.github.bonigarcia.wdm.WebDriverManager] : Exporting webdriver.chrome.driver as C:\Users\Andrey\.m2\repository\webdriver\chromedriver\win32\79.0.3945.36\chromedriver.exe
2019-22-12 23:36:02   INFO [libs.ActionWithElements] : Element was clicked'Button Language'
2019-22-12 23:36:03   INFO [libs.ActionWithElements] : Element was clicked'Button Enter To Alfa'
2019-22-12 23:36:03   INFO [libs.ActionWithElements] : Element was clicked'Button Chat'
2019-23-12 20:50:40   INFO [io.github.bonigarcia.wdm.WebDriverManager] : Using chromedriver 79.0.3945.36 (since Google Chrome 79 is installed in your machine)
2019-23-12 20:50:40   INFO [io.github.bonigarcia.wdm.WebDriverManager] : Exporting webdriver.chrome.driver as C:\Users\Andrey\.m2\repository\webdriver\chromedriver\win32\79.0.3945.36\chromedriver.exe
2019-23-12 20:50:51   INFO [libs.ActionWithElements] : Vanya was inputed in to input
2019-23-12 20:50:52   INFO [libs.ActionWithElements] : 123456 was inputed in to input
2019-23-12 20:50:52   INFO [libs.ActionWithElements] : Element was clicked
2019-23-12 20:50:52   INFO [libs.ActionWithElements] : Element was clicked'Button Chat'
2019-23-12 20:55:54   INFO [io.github.bonigarcia.wdm.WebDriverManager] : Using chromedriver 79.0.3945.36 (since Google Chrome 79 is installed in your machine)
2019-23-12 20:55:54   INFO [io.github.bonigarcia.wdm.WebDriverManager] : Exporting webdriver.chrome.driver as C:\Users\Andrey\.m2\repository\webdriver\chromedriver\win32\79.0.3945.36\chromedriver.exe
2019-23-12 20:56:05   INFO [libs.ActionWithElements] : Vanya was inputed in to input
2019-23-12 20:56:05   INFO [libs.ActionWithElements] : 123456 was inputed in to input
2019-23-12 20:56:05   INFO [libs.ActionWithElements] : Element was clicked
2019-23-12 20:56:06   INFO [libs.ActionWithElements] : Element was clicked'Button Chat'
2019-23-12 20:57:33   INFO [io.github.bonigarcia.wdm.WebDriverManager] : Using chromedriver 79.0.3945.36 (since Google Chrome 79 is installed in your machine)
2019-23-12 20:57:33   INFO [io.github.bonigarcia.wdm.WebDriverManager] : Exporting webdriver.chrome.driver as C:\Users\Andrey\.m2\repository\webdriver\chromedriver\win32\79.0.3945.36\chromedriver.exe
2019-23-12 20:57:43   INFO [libs.ActionWithElements] : Vanya was inputed in to input
2019-23-12 20:57:43   INFO [libs.ActionWithElements] : 123456 was inputed in to input
2019-23-12 20:57:44   INFO [libs.ActionWithElements] : Element was clicked
2019-23-12 20:57:44   INFO [libs.ActionWithElements] : Element was clicked'Button Chat'
2019-23-12 21:29:45   INFO [io.github.bonigarcia.wdm.WebDriverManager] : Using chromedriver 79.0.3945.36 (since Google Chrome 79 is installed in your machine)
2019-23-12 21:29:45   INFO [io.github.bonigarcia.wdm.WebDriverManager] : Exporting webdriver.chrome.driver as C:\Users\Andrey\.m2\repository\webdriver\chromedriver\win32\79.0.3945.36\chromedriver.exe
2019-23-12 21:29:56   INFO [libs.ActionWithElements] : Vanya was inputed in to input
2019-23-12 21:29:56   INFO [libs.ActionWithElements] : 123456 was inputed in to input
2019-23-12 21:29:56   INFO [libs.ActionWithElements] : Element was clicked 
2019-23-12 21:29:56   INFO [libs.ActionWithElements] : Is element displayed -> true
2019-23-12 21:29:56   INFO [libs.ActionWithElements] : Element was clicked 'Button Chat'
2019-23-12 21:55:28   INFO [io.github.bonigarcia.wdm.WebDriverManager] : Using chromedriver 79.0.3945.36 (since Google Chrome 79 is installed in your machine)
2019-23-12 21:55:28   INFO [io.github.bonigarcia.wdm.WebDriverManager] : Exporting webdriver.chrome.driver as C:\Users\Andrey\.m2\repository\webdriver\chromedriver\win32\79.0.3945.36\chromedriver.exe
2019-23-12 21:55:39   INFO [libs.ActionWithElements] : Element was clicked 'Button Language'
2019-23-12 21:55:40   INFO [libs.ActionWithElements] : Element was clicked 'Button Enter To Alfa'
2019-23-12 21:55:40   INFO [libs.ActionWithElements] : Is element displayed -> true
2019-23-12 21:59:40   INFO [io.github.bonigarcia.wdm.WebDriverManager] : Using chromedriver 79.0.3945.36 (since Google Chrome 79 is installed in your machine)
2019-23-12 21:59:40   INFO [io.github.bonigarcia.wdm.WebDriverManager] : Exporting webdriver.chrome.driver as C:\Users\Andrey\.m2\repository\webdriver\chromedriver\win32\79.0.3945.36\chromedriver.exe
2019-23-12 21:59:52   INFO [libs.ActionWithElements] : Element was clicked 'Button Language'
2019-23-12 21:59:53   INFO [libs.ActionWithElements] : Element was clicked 'Button Enter To Alfa'
2019-23-12 21:59:53   INFO [libs.ActionWithElements] : Is element displayed -> true
2019-23-12 21:59:53   INFO [libs.ActionWithElements] : Element was clicked 'Button Create Acc'
2019-23-12 21:59:53   INFO [libs.ActionWithElements] : Is element displayed -> true
2019-23-12 22:00:05   INFO [io.github.bonigarcia.wdm.WebDriverManager] : Using chromedriver 79.0.3945.36 (since Google Chrome 79 is installed in your machine)
2019-23-12 22:00:05   INFO [io.github.bonigarcia.wdm.WebDriverManager] : Exporting webdriver.chrome.driver as C:\Users\Andrey\.m2\repository\webdriver\chromedriver\win32\79.0.3945.36\chromedriver.exe
2019-23-12 22:00:19   INFO [libs.ActionWithElements] : Element was clicked 'Button Language'
2019-23-12 22:00:20   INFO [libs.ActionWithElements] : Element was clicked 'Button Enter To Alfa'
2019-23-12 22:00:20   INFO [libs.ActionWithElements] : Is element displayed -> true
2019-23-12 22:00:20   INFO [libs.ActionWithElements] : Element was clicked 'Button Create Acc'
2019-23-12 22:00:20   INFO [libs.ActionWithElements] : Is element displayed -> true
2019-23-12 22:00:27   INFO [io.github.bonigarcia.wdm.WebDriverManager] : Using chromedriver 79.0.3945.36 (since Google Chrome 79 is installed in your machine)
2019-23-12 22:00:27   INFO [io.github.bonigarcia.wdm.WebDriverManager] : Exporting webdriver.chrome.driver as C:\Users\Andrey\.m2\repository\webdriver\chromedriver\win32\79.0.3945.36\chromedriver.exe
2019-23-12 22:00:39   INFO [libs.ActionWithElements] : Element was clicked 'Button Language'
2019-23-12 22:00:40   INFO [libs.ActionWithElements] : Element was clicked 'Button Enter To Alfa'
2019-23-12 22:00:40   INFO [libs.ActionWithElements] : Is element displayed -> true
2019-23-12 22:00:40   INFO [libs.ActionWithElements] : Element was clicked 'Button Create Acc'
2019-23-12 22:00:40   INFO [libs.ActionWithElements] : Is element displayed -> true
2019-23-12 22:01:28   INFO [io.github.bonigarcia.wdm.WebDriverManager] : Using chromedriver 79.0.3945.36 (since Google Chrome 79 is installed in your machine)
2019-23-12 22:01:28   INFO [io.github.bonigarcia.wdm.WebDriverManager] : Exporting webdriver.chrome.driver as C:\Users\Andrey\.m2\repository\webdriver\chromedriver\win32\79.0.3945.36\chromedriver.exe
2019-23-12 22:01:40   INFO [libs.ActionWithElements] : Element was clicked 'Button Language'
2019-23-12 22:01:40   INFO [libs.ActionWithElements] : Element was clicked 'Button Open Acc'
2019-23-12 22:01:41   INFO [libs.ActionWithElements] : Element was clicked 'Button Take Tarif 1'
2019-23-12 22:01:56   INFO [libs.ActionWithElements] : Is element displayed -> false
2019-23-12 22:11:32   INFO [io.github.bonigarcia.wdm.WebDriverManager] : Using chromedriver 79.0.3945.36 (since Google Chrome 79 is installed in your machine)
2019-23-12 22:11:32   INFO [io.github.bonigarcia.wdm.WebDriverManager] : Exporting webdriver.chrome.driver as C:\Users\Andrey\.m2\repository\webdriver\chromedriver\win32\79.0.3945.36\chromedriver.exe
2019-23-12 22:11:43   INFO [libs.ActionWithElements] : Element was clicked 'Button Language'
2019-23-12 22:11:44   INFO [libs.ActionWithElements] : Element was clicked 'Button Enter To Alfa'
2019-23-12 22:11:45   INFO [libs.ActionWithElements] : Is element displayed -> true
2019-23-12 22:11:50   INFO [io.github.bonigarcia.wdm.WebDriverManager] : Using chromedriver 79.0.3945.36 (since Google Chrome 79 is installed in your machine)
2019-23-12 22:11:50   INFO [io.github.bonigarcia.wdm.WebDriverManager] : Exporting webdriver.chrome.driver as C:\Users\Andrey\.m2\repository\webdriver\chromedriver\win32\79.0.3945.36\chromedriver.exe
2019-23-12 22:12:02   INFO [libs.ActionWithElements] : Element was clicked 'Button Language'
2019-23-12 22:12:03   INFO [libs.ActionWithElements] : Element was clicked 'Button Enter To Alfa'
2019-23-12 22:12:03   INFO [libs.ActionWithElements] : Is element displayed -> true
2019-23-12 22:12:03   INFO [libs.ActionWithElements] : Element was clicked 'Button Create Acc'
2019-23-12 22:12:03   INFO [libs.ActionWithElements] : Is element displayed -> true
2019-23-12 22:12:13   INFO [io.github.bonigarcia.wdm.WebDriverManager] : Using chromedriver 79.0.3945.36 (since Google Chrome 79 is installed in your machine)
2019-23-12 22:12:13   INFO [io.github.bonigarcia.wdm.WebDriverManager] : Exporting webdriver.chrome.driver as C:\Users\Andrey\.m2\repository\webdriver\chromedriver\win32\79.0.3945.36\chromedriver.exe
2019-23-12 22:12:24   INFO [libs.ActionWithElements] : Element was clicked 'Button Language'
2019-23-12 22:12:25   INFO [libs.ActionWithElements] : Element was clicked 'Button Open Acc'
2019-23-12 22:12:26   INFO [libs.ActionWithElements] : Element was clicked 'Button Take Tarif 1'
2019-23-12 22:12:41   INFO [libs.ActionWithElements] : Is element displayed -> false
2019-23-12 22:13:01   INFO [io.github.bonigarcia.wdm.WebDriverManager] : Using chromedriver 79.0.3945.36 (since Google Chrome 79 is installed in your machine)
2019-23-12 22:13:01   INFO [io.github.bonigarcia.wdm.WebDriverManager] : Exporting webdriver.chrome.driver as C:\Users\Andrey\.m2\repository\webdriver\chromedriver\win32\79.0.3945.36\chromedriver.exe
2019-23-12 22:13:15   INFO [libs.ActionWithElements] : Element was clicked 'Button Language'
2019-23-12 22:13:16   INFO [libs.ActionWithElements] : Element was clicked 'Button Open Acc'
2019-23-12 22:13:17   INFO [libs.ActionWithElements] : Element was clicked 'Button Take Tarif 1'
2019-23-12 22:13:32   INFO [libs.ActionWithElements] : Is element displayed -> false
2019-23-12 22:13:47   INFO [io.github.bonigarcia.wdm.WebDriverManager] : Using chromedriver 79.0.3945.36 (since Google Chrome 79 is installed in your machine)
2019-23-12 22:13:47   INFO [io.github.bonigarcia.wdm.WebDriverManager] : Exporting webdriver.chrome.driver as C:\Users\Andrey\.m2\repository\webdriver\chromedriver\win32\79.0.3945.36\chromedriver.exe
2019-23-12 22:13:59   INFO [libs.ActionWithElements] : Element was clicked 'Button Language'
2019-23-12 22:14:00   INFO [libs.ActionWithElements] : Element was clicked 'Button Enter To Alfa'
2019-23-12 22:14:00   INFO [libs.ActionWithElements] : Is element displayed -> true
2019-23-12 22:14:16   INFO [io.github.bonigarcia.wdm.WebDriverManager] : Using chromedriver 79.0.3945.36 (since Google Chrome 79 is installed in your machine)
2019-23-12 22:14:16   INFO [io.github.bonigarcia.wdm.WebDriverManager] : Exporting webdriver.chrome.driver as C:\Users\Andrey\.m2\repository\webdriver\chromedriver\win32\79.0.3945.36\chromedriver.exe
2019-23-12 22:14:27   INFO [libs.ActionWithElements] : Element was clicked 'Button Language'
2019-23-12 22:14:28   INFO [libs.ActionWithElements] : Element was clicked 'Button Enter To Alfa'
2019-23-12 22:14:28   INFO [libs.ActionWithElements] : Is element displayed -> true
2019-23-12 22:14:29   INFO [libs.ActionWithElements] : Element was clicked 'Button Create Acc'
2019-23-12 22:14:29   INFO [libs.ActionWithElements] : Is element displayed -> true
2019-23-12 22:19:43   INFO [io.github.bonigarcia.wdm.WebDriverManager] : Using chromedriver 79.0.3945.36 (since Google Chrome 79 is installed in your machine)
2019-23-12 22:19:43   INFO [io.github.bonigarcia.wdm.WebDriverManager] : Exporting webdriver.chrome.driver as C:\Users\Andrey\.m2\repository\webdriver\chromedriver\win32\79.0.3945.36\chromedriver.exe
2019-23-12 22:19:54   INFO [libs.ActionWithElements] : Element was clicked 'Button Language'
2019-23-12 22:19:55   INFO [libs.ActionWithElements] : Element was clicked 'Button Enter To Alfa'
2019-23-12 22:19:55   INFO [libs.ActionWithElements] : Is element displayed -> true
2019-23-12 22:19:55   INFO [libs.ActionWithElements] : Element was clicked 'Button Create Acc'
2019-23-12 22:19:56   INFO [libs.ActionWithElements] : Is element displayed -> true
2019-23-12 22:20:24   INFO [io.github.bonigarcia.wdm.WebDriverManager] : Using chromedriver 79.0.3945.36 (since Google Chrome 79 is installed in your machine)
2019-23-12 22:20:24   INFO [io.github.bonigarcia.wdm.WebDriverManager] : Exporting webdriver.chrome.driver as C:\Users\Andrey\.m2\repository\webdriver\chromedriver\win32\79.0.3945.36\chromedriver.exe
2019-23-12 22:20:35   INFO [libs.ActionWithElements] : Element was clicked 'Button Language'
2019-23-12 22:20:36   INFO [libs.ActionWithElements] : Element was clicked 'Button Enter To Alfa'
2019-23-12 22:20:36   INFO [libs.ActionWithElements] : Is element displayed -> true
2019-23-12 22:20:37   INFO [libs.ActionWithElements] : Element was clicked 'Button Create Acc'
2019-23-12 22:24:41   INFO [io.github.bonigarcia.wdm.WebDriverManager] : Using chromedriver 79.0.3945.36 (since Google Chrome 79 is installed in your machine)
2019-23-12 22:24:41   INFO [io.github.bonigarcia.wdm.WebDriverManager] : Exporting webdriver.chrome.driver as C:\Users\Andrey\.m2\repository\webdriver\chromedriver\win32\79.0.3945.36\chromedriver.exe
2019-23-12 22:24:53   INFO [libs.ActionWithElements] : Element was clicked 'Button Language'
2019-23-12 22:24:54   INFO [libs.ActionWithElements] : Element was clicked 'Button Enter To Alfa'
2019-23-12 22:24:54   INFO [libs.ActionWithElements] : Is element displayed -> true
2019-23-12 22:24:54   INFO [libs.ActionWithElements] : Element was clicked 'Button Create Acc'
2019-23-12 22:25:09   INFO [libs.ActionWithElements] : Is element displayed -> false
2019-23-12 22:27:53   INFO [io.github.bonigarcia.wdm.WebDriverManager] : Using chromedriver 79.0.3945.36 (since Google Chrome 79 is installed in your machine)
2019-23-12 22:27:53   INFO [io.github.bonigarcia.wdm.WebDriverManager] : Exporting webdriver.chrome.driver as C:\Users\Andrey\.m2\repository\webdriver\chromedriver\win32\79.0.3945.36\chromedriver.exe
2019-23-12 22:28:05   INFO [libs.ActionWithElements] : Element was clicked 'Button Language'
2019-23-12 22:28:06   INFO [libs.ActionWithElements] : Element was clicked 'Button Enter To Alfa'
2019-23-12 22:28:06   INFO [libs.ActionWithElements] : Is element displayed -> true
2019-23-12 22:28:06   INFO [libs.ActionWithElements] : Element was clicked 'Button Create Acc'
2019-23-12 22:28:21   INFO [libs.ActionWithElements] : Is element displayed -> false
2019-23-12 22:31:48   INFO [io.github.bonigarcia.wdm.WebDriverManager] : Using chromedriver 79.0.3945.36 (since Google Chrome 79 is installed in your machine)
2019-23-12 22:31:48   INFO [io.github.bonigarcia.wdm.WebDriverManager] : Exporting webdriver.chrome.driver as C:\Users\Andrey\.m2\repository\webdriver\chromedriver\win32\79.0.3945.36\chromedriver.exe
2019-23-12 22:32:00   INFO [libs.ActionWithElements] : Element was clicked 'Button Language'
2019-23-12 22:32:01   INFO [libs.ActionWithElements] : Element was clicked 'Button Enter To Alfa'
2019-23-12 22:32:01   INFO [libs.ActionWithElements] : Is element displayed -> true
2019-23-12 22:32:01   INFO [libs.ActionWithElements] : Element was clicked 'Button Create Acc'
2019-23-12 22:32:16   INFO [libs.ActionWithElements] : Is element displayed -> false
2019-23-12 22:37:13   INFO [io.github.bonigarcia.wdm.WebDriverManager] : Using chromedriver 79.0.3945.36 (since Google Chrome 79 is installed in your machine)
2019-23-12 22:37:13   INFO [io.github.bonigarcia.wdm.WebDriverManager] : Exporting webdriver.chrome.driver as C:\Users\Andrey\.m2\repository\webdriver\chromedriver\win32\79.0.3945.36\chromedriver.exe
2019-23-12 22:37:24   INFO [libs.ActionWithElements] : Element was clicked 'Button Language'
2019-23-12 22:37:25   INFO [libs.ActionWithElements] : Element was clicked 'Button Enter To Alfa'
2019-23-12 22:37:25   INFO [libs.ActionWithElements] : Is element displayed -> true
2019-23-12 22:37:25   INFO [libs.ActionWithElements] : Element was clicked 'Button Create Acc'
2019-23-12 22:37:41   INFO [libs.ActionWithElements] : Is element displayed -> false
2019-23-12 22:38:07   INFO [io.github.bonigarcia.wdm.WebDriverManager] : Using chromedriver 79.0.3945.36 (since Google Chrome 79 is installed in your machine)
2019-23-12 22:38:07   INFO [io.github.bonigarcia.wdm.WebDriverManager] : Exporting webdriver.chrome.driver as C:\Users\Andrey\.m2\repository\webdriver\chromedriver\win32\79.0.3945.36\chromedriver.exe
2019-23-12 22:38:19   INFO [libs.ActionWithElements] : Element was clicked 'Button Language'
2019-23-12 22:38:19   INFO [libs.ActionWithElements] : Element was clicked 'Button Open Acc'
2019-23-12 22:38:20   INFO [libs.ActionWithElements] : Element was clicked 'Button Take Tarif 1'
2019-23-12 22:38:35   INFO [libs.ActionWithElements] : Is element displayed -> false
2019-23-12 22:39:29   INFO [io.github.bonigarcia.wdm.WebDriverManager] : Using chromedriver 79.0.3945.36 (since Google Chrome 79 is installed in your machine)
2019-23-12 22:39:29   INFO [io.github.bonigarcia.wdm.WebDriverManager] : Exporting webdriver.chrome.driver as C:\Users\Andrey\.m2\repository\webdriver\chromedriver\win32\79.0.3945.36\chromedriver.exe
2019-23-12 22:39:40   INFO [libs.ActionWithElements] : Vanya was inputed in to input
2019-23-12 22:39:40   INFO [libs.ActionWithElements] : 123456 was inputed in to input
2019-23-12 22:39:40   INFO [libs.ActionWithElements] : Element was clicked 
2019-23-12 22:39:40   INFO [libs.ActionWithElements] : Is element displayed -> true
2019-23-12 22:40:00   INFO [io.github.bonigarcia.wdm.WebDriverManager] : Using chromedriver 79.0.3945.36 (since Google Chrome 79 is installed in your machine)
2019-23-12 22:40:00   INFO [io.github.bonigarcia.wdm.WebDriverManager] : Exporting webdriver.chrome.driver as C:\Users\Andrey\.m2\repository\webdriver\chromedriver\win32\79.0.3945.36\chromedriver.exe
2019-23-12 22:40:12   INFO [libs.ActionWithElements] : Element was clicked 'Button Language'
2019-23-12 22:40:13   INFO [libs.ActionWithElements] : Element was clicked 'Button Enter To Alfa'
2019-23-12 22:40:13   INFO [libs.ActionWithElements] : Element was clicked 'Button Chat'
2019-23-12 22:44:23   INFO [io.github.bonigarcia.wdm.WebDriverManager] : Using chromedriver 79.0.3945.36 (since Google Chrome 79 is installed in your machine)
2019-23-12 22:44:23   INFO [io.github.bonigarcia.wdm.WebDriverManager] : Exporting webdriver.chrome.driver as C:\Users\Andrey\.m2\repository\webdriver\chromedriver\win32\79.0.3945.36\chromedriver.exe
2019-23-12 22:44:36   INFO [libs.ActionWithElements] : Element was clicked 'Button Language'
2019-23-12 22:44:36   INFO [libs.ActionWithElements] : Element was clicked 'Button Open Acc'
2019-23-12 22:44:37   INFO [libs.ActionWithElements] : Element was clicked 'Button Take Tarif 1'
2019-23-12 22:44:52   INFO [libs.ActionWithElements] : Is element displayed -> false
2019-23-12 22:53:58   INFO [io.github.bonigarcia.wdm.WebDriverManager] : Using chromedriver 79.0.3945.36 (since Google Chrome 79 is installed in your machine)
2019-23-12 22:53:58   INFO [io.github.bonigarcia.wdm.WebDriverManager] : Exporting webdriver.chrome.driver as C:\Users\Andrey\.m2\repository\webdriver\chromedriver\win32\79.0.3945.36\chromedriver.exe
2019-23-12 22:54:11   INFO [libs.ActionWithElements] : Element was clicked 'Button Language'
2019-23-12 22:54:12   INFO [libs.ActionWithElements] : Element was clicked 'Button Enter To Alfa'
2019-23-12 22:54:12   INFO [libs.ActionWithElements] : Element was clicked 'Button Chat'
2019-23-12 22:54:12   INFO [libs.ActionWithElements] : Is element displayed -> true
2019-23-12 22:56:05   INFO [io.github.bonigarcia.wdm.WebDriverManager] : Using chromedriver 79.0.3945.36 (since Google Chrome 79 is installed in your machine)
2019-23-12 22:56:05   INFO [io.github.bonigarcia.wdm.WebDriverManager] : Exporting webdriver.chrome.driver as C:\Users\Andrey\.m2\repository\webdriver\chromedriver\win32\79.0.3945.36\chromedriver.exe
2019-23-12 22:56:17   INFO [libs.ActionWithElements] : Element was clicked 'Button Language'
2019-23-12 22:56:18   INFO [libs.ActionWithElements] : Element was clicked 'Button Enter To Alfa'
2019-23-12 22:56:18   INFO [libs.ActionWithElements] : Is element displayed -> true
2019-23-12 22:59:10   INFO [io.github.bonigarcia.wdm.WebDriverManager] : Using chromedriver 79.0.3945.36 (since Google Chrome 79 is installed in your machine)
2019-23-12 22:59:10   INFO [io.github.bonigarcia.wdm.WebDriverManager] : Exporting webdriver.chrome.driver as C:\Users\Andrey\.m2\repository\webdriver\chromedriver\win32\79.0.3945.36\chromedriver.exe
2019-23-12 22:59:22   INFO [libs.ActionWithElements] : Element was clicked 'Button Language'
2019-23-12 22:59:23   INFO [libs.ActionWithElements] : Element was clicked 'Button Enter To Alfa'
2019-23-12 22:59:23   INFO [libs.ActionWithElements] : Is element displayed -> true
2019-23-12 22:59:23   INFO [libs.ActionWithElements] : Element was clicked 'Button Create Acc'
2019-23-12 22:59:38   INFO [libs.ActionWithElements] : Is element displayed -> false
2019-23-12 23:06:52   INFO [io.github.bonigarcia.wdm.WebDriverManager] : Using chromedriver 79.0.3945.36 (since Google Chrome 79 is installed in your machine)
2019-23-12 23:06:52   INFO [io.github.bonigarcia.wdm.WebDriverManager] : Exporting webdriver.chrome.driver as C:\Users\Andrey\.m2\repository\webdriver\chromedriver\win32\79.0.3945.36\chromedriver.exe
2019-23-12 23:07:04   INFO [libs.ActionWithElements] : Element was clicked 'Button Language'
2019-23-12 23:07:06   INFO [libs.ActionWithElements] : Element was clicked 'Button Enter To Alfa'
2019-23-12 23:07:06   INFO [libs.ActionWithElements] : Element was clicked 'Button Chat'
2019-23-12 23:07:06   INFO [libs.ActionWithElements] : Is element displayed -> true
2019-23-12 23:07:58   INFO [io.github.bonigarcia.wdm.WebDriverManager] : Using chromedriver 79.0.3945.36 (since Google Chrome 79 is installed in your machine)
2019-23-12 23:07:58   INFO [io.github.bonigarcia.wdm.WebDriverManager] : Exporting webdriver.chrome.driver as C:\Users\Andrey\.m2\repository\webdriver\chromedriver\win32\79.0.3945.36\chromedriver.exe
2019-23-12 23:08:09   INFO [libs.ActionWithElements] : Vanya was inputed in to input
2019-23-12 23:08:09   INFO [libs.ActionWithElements] : 123456 was inputed in to input
2019-23-12 23:08:09   INFO [libs.ActionWithElements] : Element was clicked 
2019-23-12 23:08:09   INFO [libs.ActionWithElements] : Is element displayed -> true
2019-23-12 23:09:22   INFO [io.github.bonigarcia.wdm.WebDriverManager] : Using chromedriver 79.0.3945.36 (since Google Chrome 79 is installed in your machine)
2019-23-12 23:09:22   INFO [io.github.bonigarcia.wdm.WebDriverManager] : Exporting webdriver.chrome.driver as C:\Users\Andrey\.m2\repository\webdriver\chromedriver\win32\79.0.3945.36\chromedriver.exe
2019-23-12 23:09:34   INFO [libs.ActionWithElements] : Element was clicked 'Button Language'
2019-23-12 23:09:35   INFO [libs.ActionWithElements] : Element was clicked 'Button Enter To Alfa'
2019-23-12 23:09:35   INFO [libs.ActionWithElements] : Is element displayed -> true
2019-23-12 23:09:35   INFO [libs.ActionWithElements] : Element was clicked 'Button Create Acc'
2019-23-12 23:09:51   INFO [libs.ActionWithElements] : Is element displayed -> false
2019-23-12 23:23:06   INFO [io.github.bonigarcia.wdm.WebDriverManager] : Using chromedriver 79.0.3945.36 (since Google Chrome 79 is installed in your machine)
2019-23-12 23:23:06   INFO [io.github.bonigarcia.wdm.WebDriverManager] : Exporting webdriver.chrome.driver as C:\Users\Andrey\.m2\repository\webdriver\chromedriver\win32\79.0.3945.36\chromedriver.exe
2019-23-12 23:23:19   INFO [libs.ActionWithElements] : Element was clicked 'Button Language'
2019-23-12 23:23:20   INFO [libs.ActionWithElements] : Element was clicked 'Button Enter To Alfa'
2019-23-12 23:23:20   INFO [libs.ActionWithElements] : Is element displayed -> true
2019-23-12 23:23:20   INFO [libs.ActionWithElements] : Element was clicked 'Button Chat'
2019-23-12 23:23:20   INFO [libs.ActionWithElements] : Is element displayed -> true
2019-23-12 23:29:44   INFO [io.github.bonigarcia.wdm.WebDriverManager] : Using chromedriver 79.0.3945.36 (since Google Chrome 79 is installed in your machine)
2019-23-12 23:29:44   INFO [io.github.bonigarcia.wdm.WebDriverManager] : Exporting webdriver.chrome.driver as C:\Users\Andrey\.m2\repository\webdriver\chromedriver\win32\79.0.3945.36\chromedriver.exe
2019-23-12 23:29:55   INFO [libs.ActionWithElements] : Vanya was inputed in to input
2019-23-12 23:29:55   INFO [libs.ActionWithElements] : 123456 was inputed in to input
2019-23-12 23:29:55   INFO [libs.ActionWithElements] : Element was clicked 
2019-23-12 23:29:55   INFO [libs.ActionWithElements] : Is element displayed -> true
2019-25-12 16:30:35   INFO [io.github.bonigarcia.wdm.WebDriverManager] : Using chromedriver 79.0.3945.36 (since Google Chrome 79 is installed in your machine)
2019-25-12 16:30:35   INFO [io.github.bonigarcia.wdm.WebDriverManager] : Exporting webdriver.chrome.driver as C:\Users\Andrey\.m2\repository\webdriver\chromedriver\win32\79.0.3945.36\chromedriver.exe
2019-25-12 16:30:47   INFO [libs.ActionWithElements] : Element was clicked 'Button Language'
2019-25-12 16:30:48   INFO [libs.ActionWithElements] : Element was clicked 'Button Enter To Alfa'
2019-25-12 16:30:48   INFO [libs.ActionWithElements] : Is element displayed -> true
2019-25-12 16:33:02   INFO [io.github.bonigarcia.wdm.WebDriverManager] : Using chromedriver 79.0.3945.36 (since Google Chrome 79 is installed in your machine)
2019-25-12 16:33:02   INFO [io.github.bonigarcia.wdm.WebDriverManager] : Exporting webdriver.chrome.driver as C:\Users\Andrey\.m2\repository\webdriver\chromedriver\win32\79.0.3945.36\chromedriver.exe
2019-25-12 16:33:15   INFO [libs.ActionWithElements] : Element was clicked 'Button Language'
2019-25-12 16:33:30   INFO [libs.ActionWithElements] : Is element displayed -> false
2019-25-12 16:34:02   INFO [io.github.bonigarcia.wdm.WebDriverManager] : Using chromedriver 79.0.3945.36 (since Google Chrome 79 is installed in your machine)
2019-25-12 16:34:02   INFO [io.github.bonigarcia.wdm.WebDriverManager] : Exporting webdriver.chrome.driver as C:\Users\Andrey\.m2\repository\webdriver\chromedriver\win32\79.0.3945.36\chromedriver.exe
2019-25-12 16:34:14   INFO [libs.ActionWithElements] : Element was clicked 'Button Language'
2019-25-12 16:34:15   INFO [libs.ActionWithElements] : Element was clicked 'Button Enter To Alfa'
2019-25-12 16:34:15   INFO [libs.ActionWithElements] : Is element displayed -> true
2019-25-12 16:35:26   INFO [io.github.bonigarcia.wdm.WebDriverManager] : Using chromedriver 79.0.3945.36 (since Google Chrome 79 is installed in your machine)
2019-25-12 16:35:26   INFO [io.github.bonigarcia.wdm.WebDriverManager] : Exporting webdriver.chrome.driver as C:\Users\Andrey\.m2\repository\webdriver\chromedriver\win32\79.0.3945.36\chromedriver.exe
2019-25-12 16:35:38   INFO [libs.ActionWithElements] : Element was clicked 'Button Language'
2019-25-12 16:35:39   INFO [libs.ActionWithElements] : Element was clicked 'Button Enter To Alfa'
2019-25-12 16:35:39   INFO [libs.ActionWithElements] : Is element displayed -> true
2019-25-12 17:04:14   INFO [io.github.bonigarcia.wdm.WebDriverManager] : Using chromedriver 79.0.3945.36 (since Google Chrome 79 is installed in your machine)
2019-25-12 17:04:14   INFO [io.github.bonigarcia.wdm.WebDriverManager] : Exporting webdriver.chrome.driver as C:\Users\Andrey\.m2\repository\webdriver\chromedriver\win32\79.0.3945.36\chromedriver.exe
2019-25-12 17:04:25   INFO [libs.ActionWithElements] : Element was clicked 'Button Language'
2019-25-12 17:04:26   INFO [libs.ActionWithElements] : Element was clicked 'Button Enter To Alfa'
2019-25-12 17:04:26   INFO [libs.ActionWithElements] : Is element displayed -> true
2019-25-12 17:19:23   INFO [io.github.bonigarcia.wdm.WebDriverManager] : Using chromedriver 79.0.3945.36 (since Google Chrome 79 is installed in your machine)
2019-25-12 17:19:23   INFO [io.github.bonigarcia.wdm.WebDriverManager] : Exporting webdriver.chrome.driver as C:\Users\Andrey\.m2\repository\webdriver\chromedriver\win32\79.0.3945.36\chromedriver.exe
2019-25-12 17:19:35   INFO [libs.ActionWithElements] : Element was clicked 'Button Language'
2019-25-12 17:19:36   INFO [libs.ActionWithElements] : Element was clicked 'Button Enter To Alfa'
2019-25-12 17:19:36   INFO [libs.ActionWithElements] : Is element displayed -> true
2019-25-12 17:40:08   INFO [io.github.bonigarcia.wdm.WebDriverManager] : Using chromedriver 79.0.3945.36 (since Google Chrome 79 is installed in your machine)
2019-25-12 17:40:08   INFO [io.github.bonigarcia.wdm.WebDriverManager] : Exporting webdriver.chrome.driver as C:\Users\Andrey\.m2\repository\webdriver\chromedriver\win32\79.0.3945.36\chromedriver.exe
2019-25-12 17:40:20   INFO [libs.ActionWithElements] : Element was clicked 'Button Language'
2019-25-12 17:40:21   INFO [libs.ActionWithElements] : Element was clicked 'Button Enter To Alfa'
2019-25-12 17:40:21   INFO [libs.ActionWithElements] : Is element displayed -> true
2019-25-12 17:50:54   INFO [io.github.bonigarcia.wdm.WebDriverManager] : Using chromedriver 79.0.3945.36 (since Google Chrome 79 is installed in your machine)
2019-25-12 17:50:54   INFO [io.github.bonigarcia.wdm.WebDriverManager] : Exporting webdriver.chrome.driver as C:\Users\Andrey\.m2\repository\webdriver\chromedriver\win32\79.0.3945.36\chromedriver.exe
2019-25-12 17:51:06   INFO [libs.ActionWithElements] : Element was clicked 'Button Language'
2019-25-12 17:51:07   INFO [libs.ActionWithElements] : Element was clicked 'Button Enter To Alfa'
2019-25-12 17:51:07   INFO [libs.ActionWithElements] : Is element displayed -> true
2019-25-12 17:53:02   INFO [io.github.bonigarcia.wdm.WebDriverManager] : Using chromedriver 79.0.3945.36 (since Google Chrome 79 is installed in your machine)
2019-25-12 17:53:02   INFO [io.github.bonigarcia.wdm.WebDriverManager] : Exporting webdriver.chrome.driver as C:\Users\Andrey\.m2\repository\webdriver\chromedriver\win32\79.0.3945.36\chromedriver.exe
2019-25-12 17:53:13   INFO [libs.ActionWithElements] : Element was clicked 'Button Language'
2019-25-12 17:53:28   INFO [libs.ActionWithElements] : Is element displayed -> false
2019-25-12 17:57:31   INFO [io.github.bonigarcia.wdm.WebDriverManager] : Using chromedriver 79.0.3945.36 (since Google Chrome 79 is installed in your machine)
2019-25-12 17:57:31   INFO [io.github.bonigarcia.wdm.WebDriverManager] : Exporting webdriver.chrome.driver as C:\Users\Andrey\.m2\repository\webdriver\chromedriver\win32\79.0.3945.36\chromedriver.exe
2019-25-12 17:57:43   INFO [libs.ActionWithElements] : Element was clicked 'Button Language'
2019-25-12 17:57:44   INFO [libs.ActionWithElements] : Element was clicked 'Button Enter To Alfa'
2019-25-12 17:57:44   INFO [libs.ActionWithElements] : Is element displayed -> true
2019-25-12 18:11:00   INFO [io.github.bonigarcia.wdm.WebDriverManager] : Using chromedriver 79.0.3945.36 (since Google Chrome 79 is installed in your machine)
2019-25-12 18:11:00   INFO [io.github.bonigarcia.wdm.WebDriverManager] : Exporting webdriver.chrome.driver as C:\Users\Andrey\.m2\repository\webdriver\chromedriver\win32\79.0.3945.36\chromedriver.exe
2019-25-12 18:11:12   INFO [libs.ActionWithElements] : Element was clicked 'Button Language'
2019-25-12 18:11:13   INFO [libs.ActionWithElements] : Element was clicked 'Button Enter To Alfa'
2019-25-12 18:45:18   INFO [io.github.bonigarcia.wdm.WebDriverManager] : Using chromedriver 79.0.3945.36 (since Google Chrome 79 is installed in your machine)
2019-25-12 18:45:18   INFO [io.github.bonigarcia.wdm.WebDriverManager] : Exporting webdriver.chrome.driver as C:\Users\Andrey\.m2\repository\webdriver\chromedriver\win32\79.0.3945.36\chromedriver.exe
2019-25-12 18:45:30   INFO [libs.ActionWithElements] : Element was clicked 'Button Language'
2019-25-12 18:45:45   INFO [libs.ActionWithElements] : Is element displayed -> false
2019-25-12 19:16:21   INFO [io.github.bonigarcia.wdm.WebDriverManager] : Using chromedriver 79.0.3945.36 (since Google Chrome 79 is installed in your machine)
2019-25-12 19:16:21   INFO [io.github.bonigarcia.wdm.WebDriverManager] : Exporting webdriver.chrome.driver as C:\Users\Andrey\.m2\repository\webdriver\chromedriver\win32\79.0.3945.36\chromedriver.exe
2019-25-12 19:16:32   INFO [libs.ActionWithElements] : Element was clicked 'Button Language'
2019-25-12 19:16:48   INFO [libs.ActionWithElements] : Is element displayed -> false
2019-25-12 19:17:42   INFO [io.github.bonigarcia.wdm.WebDriverManager] : Using chromedriver 79.0.3945.36 (since Google Chrome 79 is installed in your machine)
2019-25-12 19:17:42   INFO [io.github.bonigarcia.wdm.WebDriverManager] : Exporting webdriver.chrome.driver as C:\Users\Andrey\.m2\repository\webdriver\chromedriver\win32\79.0.3945.36\chromedriver.exe
2019-25-12 19:17:54   INFO [libs.ActionWithElements] : Element was clicked 'Button Language'
2019-25-12 19:17:55   INFO [libs.ActionWithElements] : Element was clicked 'Button Enter To Alfa'
2019-25-12 19:17:55   INFO [libs.ActionWithElements] : Is element displayed -> true
2019-25-12 19:29:54   INFO [io.github.bonigarcia.wdm.WebDriverManager] : Using chromedriver 79.0.3945.36 (since Google Chrome 79 is installed in your machine)
2019-25-12 19:29:54   INFO [io.github.bonigarcia.wdm.WebDriverManager] : Exporting webdriver.chrome.driver as C:\Users\Andrey\.m2\repository\webdriver\chromedriver\win32\79.0.3945.36\chromedriver.exe
2019-25-12 19:30:06   INFO [libs.ActionWithElements] : Element was clicked 'Button Language'
2019-25-12 19:30:07   INFO [libs.ActionWithElements] : Element was clicked 'Button Enter To Alfa'
2019-25-12 19:30:07   INFO [libs.ActionWithElements] : Is element displayed -> true
2019-25-12 19:30:40   INFO [io.github.bonigarcia.wdm.WebDriverManager] : Using chromedriver 79.0.3945.36 (since Google Chrome 79 is installed in your machine)
2019-25-12 19:30:40   INFO [io.github.bonigarcia.wdm.WebDriverManager] : Exporting webdriver.chrome.driver as C:\Users\Andrey\.m2\repository\webdriver\chromedriver\win32\79.0.3945.36\chromedriver.exe
2019-25-12 19:30:51   INFO [libs.ActionWithElements] : Element was clicked 'Button Language'
2019-25-12 19:31:07   INFO [libs.ActionWithElements] : Is element displayed -> false
2019-25-12 19:33:36   INFO [io.github.bonigarcia.wdm.WebDriverManager] : Using chromedriver 79.0.3945.36 (since Google Chrome 79 is installed in your machine)
2019-25-12 19:33:36   INFO [io.github.bonigarcia.wdm.WebDriverManager] : Exporting webdriver.chrome.driver as C:\Users\Andrey\.m2\repository\webdriver\chromedriver\win32\79.0.3945.36\chromedriver.exe
2019-25-12 19:33:48   INFO [libs.ActionWithElements] : Element was clicked 'Button Language'
2019-25-12 19:34:04   INFO [libs.ActionWithElements] : Is element displayed -> false
2019-25-12 19:35:39   INFO [io.github.bonigarcia.wdm.WebDriverManager] : Using chromedriver 79.0.3945.36 (since Google Chrome 79 is installed in your machine)
2019-25-12 19:35:39   INFO [io.github.bonigarcia.wdm.WebDriverManager] : Exporting webdriver.chrome.driver as C:\Users\Andrey\.m2\repository\webdriver\chromedriver\win32\79.0.3945.36\chromedriver.exe
2019-25-12 19:35:51   INFO [libs.ActionWithElements] : Element was clicked 'Button Language'
2019-25-12 19:36:06   INFO [libs.ActionWithElements] : Is element displayed -> false
2019-25-12 19:36:20   INFO [io.github.bonigarcia.wdm.WebDriverManager] : Using chromedriver 79.0.3945.36 (since Google Chrome 79 is installed in your machine)
2019-25-12 19:36:20   INFO [io.github.bonigarcia.wdm.WebDriverManager] : Exporting webdriver.chrome.driver as C:\Users\Andrey\.m2\repository\webdriver\chromedriver\win32\79.0.3945.36\chromedriver.exe
2019-25-12 19:36:33   INFO [libs.ActionWithElements] : Element was clicked 'Button Language'
2019-25-12 19:36:34   INFO [libs.ActionWithElements] : Element was clicked 'Button Enter To Alfa'
2019-25-12 19:36:34   INFO [libs.ActionWithElements] : Is element displayed -> true
2019-25-12 19:36:34   INFO [pages.LoginPage] : Button Forgot pass is present
2019-25-12 19:38:01   INFO [io.github.bonigarcia.wdm.WebDriverManager] : Using chromedriver 79.0.3945.36 (since Google Chrome 79 is installed in your machine)
2019-25-12 19:38:01   INFO [io.github.bonigarcia.wdm.WebDriverManager] : Exporting webdriver.chrome.driver as C:\Users\Andrey\.m2\repository\webdriver\chromedriver\win32\79.0.3945.36\chromedriver.exe
2019-25-12 19:38:13   INFO [libs.ActionWithElements] : Element was clicked 'Button Language'
2019-25-12 19:38:28   INFO [libs.ActionWithElements] : Is element displayed -> false
2019-25-12 19:41:24   INFO [io.github.bonigarcia.wdm.WebDriverManager] : Using chromedriver 79.0.3945.36 (since Google Chrome 79 is installed in your machine)
2019-25-12 19:41:24   INFO [io.github.bonigarcia.wdm.WebDriverManager] : Exporting webdriver.chrome.driver as C:\Users\Andrey\.m2\repository\webdriver\chromedriver\win32\79.0.3945.36\chromedriver.exe
2019-25-12 19:41:36   INFO [libs.ActionWithElements] : Element was clicked 'Button Language'
2019-25-12 19:41:37   INFO [libs.ActionWithElements] : Element was clicked 'Button Enter To Alfa'
2019-25-12 19:41:37   INFO [libs.ActionWithElements] : Is element displayed -> trueButton Forgot Pass
2019-25-12 19:41:37   INFO [pages.LoginPage] : Button Forgot pass is present
2019-25-12 19:43:13   INFO [io.github.bonigarcia.wdm.WebDriverManager] : Using chromedriver 79.0.3945.36 (since Google Chrome 79 is installed in your machine)
2019-25-12 19:43:13   INFO [io.github.bonigarcia.wdm.WebDriverManager] : Exporting webdriver.chrome.driver as C:\Users\Andrey\.m2\repository\webdriver\chromedriver\win32\79.0.3945.36\chromedriver.exe
2019-25-12 19:43:25   INFO [libs.ActionWithElements] : Element was clicked 'Button Language'
2019-25-12 19:43:26   INFO [libs.ActionWithElements] : Element was clicked 'Button Enter To Alfa'
2019-25-12 19:43:26   INFO [libs.ActionWithElements] : Is element displayed -> true Button Forgot Pass
2019-25-12 19:43:26   INFO [pages.LoginPage] : Button Forgot pass is present
2019-25-12 20:04:40   INFO [io.github.bonigarcia.wdm.WebDriverManager] : Using chromedriver 79.0.3945.36 (since Google Chrome 79 is installed in your machine)
2019-25-12 20:04:40   INFO [io.github.bonigarcia.wdm.WebDriverManager] : Exporting webdriver.chrome.driver as C:\Users\Andrey\.m2\repository\webdriver\chromedriver\win32\79.0.3945.36\chromedriver.exe
2019-25-12 20:04:54   INFO [libs.ActionWithElements] : Element was clicked 'Button Language'
2019-25-12 20:04:55   INFO [libs.ActionWithElements] : Element was clicked 'Button Enter To Alfa'
2019-25-12 20:04:55   INFO [libs.ActionWithElements] : Is element displayed -> true Button Forgot Passis displayed
2019-25-12 20:04:55   INFO [pages.LoginPage] : Button Forgot pass is present
2019-25-12 20:06:53   INFO [io.github.bonigarcia.wdm.WebDriverManager] : Using chromedriver 79.0.3945.36 (since Google Chrome 79 is installed in your machine)
2019-25-12 20:06:53   INFO [io.github.bonigarcia.wdm.WebDriverManager] : Exporting webdriver.chrome.driver as C:\Users\Andrey\.m2\repository\webdriver\chromedriver\win32\79.0.3945.36\chromedriver.exe
2019-25-12 20:07:05   INFO [libs.ActionWithElements] : Element was clicked 'Button Language'
2019-25-12 20:07:06   INFO [libs.ActionWithElements] : Element was clicked 'Button Enter To Alfa'
2019-25-12 20:07:06   INFO [libs.ActionWithElements] : Is element displayed -> true Button Forgot Pass is displayed
2019-25-12 20:07:06   INFO [pages.LoginPage] : Button Forgot pass is present
2019-25-12 20:08:10   INFO [io.github.bonigarcia.wdm.WebDriverManager] : Using chromedriver 79.0.3945.36 (since Google Chrome 79 is installed in your machine)
2019-25-12 20:08:10   INFO [io.github.bonigarcia.wdm.WebDriverManager] : Exporting webdriver.chrome.driver as C:\Users\Andrey\.m2\repository\webdriver\chromedriver\win32\79.0.3945.36\chromedriver.exe
2019-25-12 20:08:21   INFO [libs.ActionWithElements] : Element was clicked 'Button Language'
2019-25-12 20:08:23   INFO [libs.ActionWithElements] : Element was clicked 'Button Enter To Alfa'
2019-25-12 20:08:23   INFO [libs.ActionWithElements] : Is element displayed -> true,Button Forgot Pass is displayed
2019-25-12 20:08:23   INFO [pages.LoginPage] : Button Forgot pass is present
2019-25-12 20:08:48   INFO [io.github.bonigarcia.wdm.WebDriverManager] : Using chromedriver 79.0.3945.36 (since Google Chrome 79 is installed in your machine)
2019-25-12 20:08:48   INFO [io.github.bonigarcia.wdm.WebDriverManager] : Exporting webdriver.chrome.driver as C:\Users\Andrey\.m2\repository\webdriver\chromedriver\win32\79.0.3945.36\chromedriver.exe
2019-25-12 20:08:59   INFO [libs.ActionWithElements] : Element was clicked 'Button Language'
2019-25-12 20:09:00   INFO [libs.ActionWithElements] : Element was clicked 'Button Enter To Alfa'
2019-25-12 20:09:00   INFO [libs.ActionWithElements] : Is element displayed -> true, Button Forgot Pass is displayed
2019-25-12 20:09:00   INFO [pages.LoginPage] : Button Forgot pass is present
2019-25-12 20:09:32   INFO [io.github.bonigarcia.wdm.WebDriverManager] : Using chromedriver 79.0.3945.36 (since Google Chrome 79 is installed in your machine)
2019-25-12 20:09:32   INFO [io.github.bonigarcia.wdm.WebDriverManager] : Exporting webdriver.chrome.driver as C:\Users\Andrey\.m2\repository\webdriver\chromedriver\win32\79.0.3945.36\chromedriver.exe
2019-25-12 20:09:45   INFO [libs.ActionWithElements] : Element was clicked 'Button Language'
2019-25-12 20:10:00   INFO [libs.ActionWithElements] : Is element displayed -> false, Button Forgot Pass is not displayed
2019-25-12 20:12:18   INFO [io.github.bonigarcia.wdm.WebDriverManager] : Using chromedriver 79.0.3945.36 (since Google Chrome 79 is installed in your machine)
2019-25-12 20:12:18   INFO [io.github.bonigarcia.wdm.WebDriverManager] : Exporting webdriver.chrome.driver as C:\Users\Andrey\.m2\repository\webdriver\chromedriver\win32\79.0.3945.36\chromedriver.exe
2019-25-12 20:12:30   INFO [libs.ActionWithElements] : Element was clicked 'Button Language'
2019-25-12 20:12:31   INFO [libs.ActionWithElements] : Element was clicked 'Button Enter To Alfa'
2019-25-12 20:12:31   INFO [libs.ActionWithElements] : Is element displayed -> true, Button Forgot Pass is displayed
2019-25-12 20:32:27   INFO [io.github.bonigarcia.wdm.WebDriverManager] : Using chromedriver 79.0.3945.36 (since Google Chrome 79 is installed in your machine)
2019-25-12 20:32:27   INFO [io.github.bonigarcia.wdm.WebDriverManager] : Exporting webdriver.chrome.driver as C:\Users\Andrey\.m2\repository\webdriver\chromedriver\win32\79.0.3945.36\chromedriver.exe
2019-25-12 20:32:39   INFO [libs.ActionWithElements] : Element was clicked 'Button Language'
2019-25-12 20:32:40   INFO [libs.ActionWithElements] : Element was clicked 'Button Open Acc'
2019-25-12 20:32:41   INFO [libs.ActionWithElements] : Element was clicked 'Button Take Tarif 1'
2019-25-12 20:32:56   INFO [libs.ActionWithElements] : Is element displayed -> false, Tariff Test Drive 1 is not displayed
2019-25-12 20:44:05   INFO [io.github.bonigarcia.wdm.WebDriverManager] : Using chromedriver 79.0.3945.36 (since Google Chrome 79 is installed in your machine)
2019-25-12 20:44:05   INFO [io.github.bonigarcia.wdm.WebDriverManager] : Exporting webdriver.chrome.driver as C:\Users\Andrey\.m2\repository\webdriver\chromedriver\win32\79.0.3945.36\chromedriver.exe
2019-25-12 20:44:17   INFO [libs.ActionWithElements] : Element was clicked 'Button Language'
2019-25-12 20:44:18   INFO [libs.ActionWithElements] : Element was clicked 'Button Enter To Alfa'
2019-25-12 20:44:18   INFO [libs.ActionWithElements] : Is element displayed -> true, Button Forgot Pass is displayed
2019-25-12 20:44:36   INFO [io.github.bonigarcia.wdm.WebDriverManager] : Using chromedriver 79.0.3945.36 (since Google Chrome 79 is installed in your machine)
2019-25-12 20:44:36   INFO [io.github.bonigarcia.wdm.WebDriverManager] : Exporting webdriver.chrome.driver as C:\Users\Andrey\.m2\repository\webdriver\chromedriver\win32\79.0.3945.36\chromedriver.exe
2019-25-12 20:44:50   INFO [libs.ActionWithElements] : Element was clicked 'Button Language'
2019-25-12 20:44:51   INFO [libs.ActionWithElements] : Element was clicked 'Button Enter To Alfa'
2019-25-12 20:45:08   INFO [io.github.bonigarcia.wdm.WebDriverManager] : Using chromedriver 79.0.3945.36 (since Google Chrome 79 is installed in your machine)
2019-25-12 20:45:08   INFO [io.github.bonigarcia.wdm.WebDriverManager] : Exporting webdriver.chrome.driver as C:\Users\Andrey\.m2\repository\webdriver\chromedriver\win32\79.0.3945.36\chromedriver.exe
2019-25-12 20:45:20   INFO [libs.ActionWithElements] : Element was clicked 'Button Language'
2019-25-12 20:45:35   INFO [libs.ActionWithElements] : Is element displayed -> false, Button Forgot Pass is not displayed
2019-25-12 20:46:23   INFO [io.github.bonigarcia.wdm.WebDriverManager] : Using chromedriver 79.0.3945.36 (since Google Chrome 79 is installed in your machine)
2019-25-12 20:46:23   INFO [io.github.bonigarcia.wdm.WebDriverManager] : Exporting webdriver.chrome.driver as C:\Users\Andrey\.m2\repository\webdriver\chromedriver\win32\79.0.3945.36\chromedriver.exe
2019-25-12 20:46:35   INFO [libs.ActionWithElements] : Element was clicked 'Button Language'
2019-25-12 20:46:36   INFO [libs.ActionWithElements] : Element was clicked 'Button Enter To Alfa'
2019-25-12 20:46:36   INFO [libs.ActionWithElements] : Is element displayed -> true, Button Forgot Pass is displayed
2019-25-12 20:46:36   INFO [libs.ActionWithElements] : Element was clicked 'Button Create Acc'
2019-25-12 20:46:51   INFO [libs.ActionWithElements] : Is element displayed -> false, Info Button Bonuses is not displayed
2019-25-12 20:55:20   INFO [io.github.bonigarcia.wdm.WebDriverManager] : Using chromedriver 79.0.3945.36 (since Google Chrome 79 is installed in your machine)
2019-25-12 20:55:20   INFO [io.github.bonigarcia.wdm.WebDriverManager] : Exporting webdriver.chrome.driver as C:\Users\Andrey\.m2\repository\webdriver\chromedriver\win32\79.0.3945.36\chromedriver.exe
2019-25-12 20:55:32   INFO [libs.ActionWithElements] : Element was clicked 'Button Language'
2019-25-12 20:55:33   INFO [libs.ActionWithElements] : Element was clicked 'Button Open Acc'
2019-25-12 20:55:33   INFO [libs.ActionWithElements] : Element was clicked 'Button Take Tarif 1'
2019-25-12 20:55:49   INFO [libs.ActionWithElements] : Is element displayed -> false, Tariff Test Drive 1 is not displayed
2019-25-12 21:14:23   INFO [io.github.bonigarcia.wdm.WebDriverManager] : Using chromedriver 79.0.3945.36 (since Google Chrome 79 is installed in your machine)
2019-25-12 21:14:23   INFO [io.github.bonigarcia.wdm.WebDriverManager] : Exporting webdriver.chrome.driver as C:\Users\Andrey\.m2\repository\webdriver\chromedriver\win32\79.0.3945.36\chromedriver.exe
2019-25-12 21:14:35   INFO [libs.ActionWithElements] : Element was clicked 'Button Language'
2019-25-12 21:14:35   INFO [libs.ActionWithElements] : Element was clicked 'Button Open Acc'
2019-25-12 21:14:36   INFO [libs.ActionWithElements] : Element was clicked 'Button Take Tarif 1'
2019-25-12 21:14:52   INFO [libs.ActionWithElements] : Is element displayed -> false, Tariff Test Drive 1 is not displayed
2019-25-12 21:16:54   INFO [io.github.bonigarcia.wdm.WebDriverManager] : Using chromedriver 79.0.3945.36 (since Google Chrome 79 is installed in your machine)
2019-25-12 21:16:54   INFO [io.github.bonigarcia.wdm.WebDriverManager] : Exporting webdriver.chrome.driver as C:\Users\Andrey\.m2\repository\webdriver\chromedriver\win32\79.0.3945.36\chromedriver.exe
2019-25-12 21:17:06   INFO [libs.ActionWithElements] : Element was clicked 'Button Language'
2019-25-12 21:17:07   INFO [libs.ActionWithElements] : Element was clicked 'Button Open Acc'
2019-25-12 21:17:08   INFO [libs.ActionWithElements] : Element was clicked 'Button Take Tarif 1'
2019-25-12 21:17:23   INFO [libs.ActionWithElements] : Is element displayed -> false, Tariff Test Drive 1 is not displayed
2019-25-12 21:30:53   INFO [io.github.bonigarcia.wdm.WebDriverManager] : Using chromedriver 79.0.3945.36 (since Google Chrome 79 is installed in your machine)
2019-25-12 21:30:53   INFO [io.github.bonigarcia.wdm.WebDriverManager] : Exporting webdriver.chrome.driver as C:\Users\Andrey\.m2\repository\webdriver\chromedriver\win32\79.0.3945.36\chromedriver.exe
2019-25-12 21:31:05   INFO [libs.ActionWithElements] : Element was clicked 'Button Language'
2019-25-12 21:31:06   INFO [libs.ActionWithElements] : Element was clicked 'Button Enter To Alfa'
2019-25-12 21:31:06   INFO [libs.ActionWithElements] : Is element displayed -> true, Button Forgot Pass is displayed
2019-25-12 21:31:06   INFO [libs.ActionWithElements] : Element was clicked 'Button Create Acc'
2019-25-12 21:31:22   INFO [libs.ActionWithElements] : Is element displayed -> false, Info Button Bonuses is not displayed
2019-25-12 21:47:24   INFO [io.github.bonigarcia.wdm.WebDriverManager] : Using chromedriver 79.0.3945.36 (since Google Chrome 79 is installed in your machine)
2019-25-12 21:47:24   INFO [io.github.bonigarcia.wdm.WebDriverManager] : Exporting webdriver.chrome.driver as C:\Users\Andrey\.m2\repository\webdriver\chromedriver\win32\79.0.3945.36\chromedriver.exe
2019-25-12 21:47:34   INFO [libs.ActionWithElements] : Vanya was inputed in to input
2019-25-12 21:47:35   INFO [libs.ActionWithElements] : 123456 was inputed in to input
2019-25-12 21:47:35   INFO [libs.ActionWithElements] : Element was clicked 
2019-25-12 21:47:35   INFO [libs.ActionWithElements] : Is element displayed -> true, Message Wrong Pass is displayed
2019-25-12 21:48:34   INFO [io.github.bonigarcia.wdm.WebDriverManager] : Using chromedriver 79.0.3945.36 (since Google Chrome 79 is installed in your machine)
2019-25-12 21:48:34   INFO [io.github.bonigarcia.wdm.WebDriverManager] : Exporting webdriver.chrome.driver as C:\Users\Andrey\.m2\repository\webdriver\chromedriver\win32\79.0.3945.36\chromedriver.exe
2019-25-12 21:48:45   INFO [libs.ActionWithElements] : Element was clicked 'Button Language'
2019-25-12 21:48:47   INFO [libs.ActionWithElements] : Element was clicked 'Button Enter To Alfa'
2019-25-12 21:48:47   INFO [libs.ActionWithElements] : Is element displayed -> true, Button Chat is displayed
2019-25-12 21:48:47   INFO [libs.ActionWithElements] : Element was clicked 'Button Chat'
2019-25-12 21:48:47   INFO [libs.ActionWithElements] : Is element displayed -> true, Chat Is Open is displayed
